[10-Apr-2017 12:21:11 Europe/Paris] PHP Fatal error:  Cannot redeclare bloginfo() (previously declared in /var/www/html/throwback16/blog/wp-includes/general-template.php:595) in /var/www/html/throwback16/modules/revsliderprestashop/revprestashoploader.php on line 102
[10-Apr-2017 12:21:11 Europe/Paris] PHP Stack trace:
[10-Apr-2017 12:21:11 Europe/Paris] PHP   1. {main}() /var/www/html/throwback16/blog/index.php:0
[10-Apr-2017 12:21:11 Europe/Paris] PHP   2. require() /var/www/html/throwback16/blog/index.php:17
[10-Apr-2017 12:21:11 Europe/Paris] PHP   3. require_once() /var/www/html/throwback16/blog/wp-blog-header.php:19
[10-Apr-2017 12:21:11 Europe/Paris] PHP   4. include() /var/www/html/throwback16/blog/wp-includes/template-loader.php:74
[10-Apr-2017 12:21:11 Europe/Paris] PHP   5. get_header() /var/www/html/throwback16/blog/wp-content/themes/fluid/front-page.php:13
[10-Apr-2017 12:21:11 Europe/Paris] PHP   6. locate_template() /var/www/html/throwback16/blog/wp-includes/general-template.php:45
[10-Apr-2017 12:21:11 Europe/Paris] PHP   7. load_template() /var/www/html/throwback16/blog/wp-includes/template.php:643
[10-Apr-2017 12:21:11 Europe/Paris] PHP   8. require_once() /var/www/html/throwback16/blog/wp-includes/template.php:684
[10-Apr-2017 12:21:11 Europe/Paris] PHP   9. FrontController->displayHeaderBlog() /var/www/html/throwback16/blog/wp-content/themes/fluid/header.php:38
[10-Apr-2017 12:21:11 Europe/Paris] PHP  10. HookCore::exec() /var/www/html/throwback16/override/classes/controller/FrontController.php:62
[10-Apr-2017 12:21:11 Europe/Paris] PHP  11. ModuleCore::getInstanceByName() /var/www/html/throwback16/classes/Hook.php:522
[10-Apr-2017 12:21:11 Europe/Paris] PHP  12. ModuleCore::coreLoadModule() /var/www/html/throwback16/classes/module/Module.php:1107
[10-Apr-2017 12:21:11 Europe/Paris] PHP  13. include_once() /var/www/html/throwback16/classes/module/Module.php:1129
[10-Apr-2017 12:23:34 Europe/Paris] PHP Fatal error:  Cannot redeclare bloginfo() (previously declared in /var/www/html/throwback16/blog/wp-includes/general-template.php:595) in /var/www/html/throwback16/modules/revsliderprestashop/revprestashoploader.php on line 102
[10-Apr-2017 12:23:34 Europe/Paris] PHP Stack trace:
[10-Apr-2017 12:23:34 Europe/Paris] PHP   1. {main}() /var/www/html/throwback16/blog/index.php:0
[10-Apr-2017 12:23:34 Europe/Paris] PHP   2. require() /var/www/html/throwback16/blog/index.php:17
[10-Apr-2017 12:23:34 Europe/Paris] PHP   3. require_once() /var/www/html/throwback16/blog/wp-blog-header.php:19
[10-Apr-2017 12:23:34 Europe/Paris] PHP   4. include() /var/www/html/throwback16/blog/wp-includes/template-loader.php:74
[10-Apr-2017 12:23:34 Europe/Paris] PHP   5. get_header() /var/www/html/throwback16/blog/wp-content/themes/fluid/front-page.php:13
[10-Apr-2017 12:23:34 Europe/Paris] PHP   6. locate_template() /var/www/html/throwback16/blog/wp-includes/general-template.php:45
[10-Apr-2017 12:23:34 Europe/Paris] PHP   7. load_template() /var/www/html/throwback16/blog/wp-includes/template.php:643
[10-Apr-2017 12:23:34 Europe/Paris] PHP   8. require_once() /var/www/html/throwback16/blog/wp-includes/template.php:684
[10-Apr-2017 12:23:34 Europe/Paris] PHP   9. FrontController->displayHeaderBlog() /var/www/html/throwback16/blog/wp-content/themes/fluid/header.php:38
[10-Apr-2017 12:23:34 Europe/Paris] PHP  10. HookCore::exec() /var/www/html/throwback16/override/classes/controller/FrontController.php:62
[10-Apr-2017 12:23:34 Europe/Paris] PHP  11. ModuleCore::getInstanceByName() /var/www/html/throwback16/classes/Hook.php:522
[10-Apr-2017 12:23:34 Europe/Paris] PHP  12. ModuleCore::coreLoadModule() /var/www/html/throwback16/classes/module/Module.php:1107
[10-Apr-2017 12:23:34 Europe/Paris] PHP  13. include_once() /var/www/html/throwback16/classes/module/Module.php:1129
[10-Apr-2017 12:24:06 Europe/Paris] PHP Fatal error:  Cannot redeclare bloginfo() (previously declared in /var/www/html/throwback16/blog/wp-includes/general-template.php:595) in /var/www/html/throwback16/modules/revsliderprestashop/revprestashoploader.php on line 102
[10-Apr-2017 12:24:06 Europe/Paris] PHP Stack trace:
[10-Apr-2017 12:24:06 Europe/Paris] PHP   1. {main}() /var/www/html/throwback16/blog/index.php:0
[10-Apr-2017 12:24:06 Europe/Paris] PHP   2. require() /var/www/html/throwback16/blog/index.php:17
[10-Apr-2017 12:24:06 Europe/Paris] PHP   3. require_once() /var/www/html/throwback16/blog/wp-blog-header.php:19
[10-Apr-2017 12:24:06 Europe/Paris] PHP   4. include() /var/www/html/throwback16/blog/wp-includes/template-loader.php:74
[10-Apr-2017 12:24:06 Europe/Paris] PHP   5. get_header() /var/www/html/throwback16/blog/wp-content/themes/fluid/front-page.php:13
[10-Apr-2017 12:24:06 Europe/Paris] PHP   6. locate_template() /var/www/html/throwback16/blog/wp-includes/general-template.php:45
[10-Apr-2017 12:24:06 Europe/Paris] PHP   7. load_template() /var/www/html/throwback16/blog/wp-includes/template.php:643
[10-Apr-2017 12:24:06 Europe/Paris] PHP   8. require_once() /var/www/html/throwback16/blog/wp-includes/template.php:684
[10-Apr-2017 12:24:06 Europe/Paris] PHP   9. FrontController->displayHeaderBlog() /var/www/html/throwback16/blog/wp-content/themes/fluid/header.php:38
[10-Apr-2017 12:24:06 Europe/Paris] PHP  10. HookCore::exec() /var/www/html/throwback16/override/classes/controller/FrontController.php:62
[10-Apr-2017 12:24:06 Europe/Paris] PHP  11. ModuleCore::getInstanceByName() /var/www/html/throwback16/classes/Hook.php:522
[10-Apr-2017 12:24:06 Europe/Paris] PHP  12. ModuleCore::coreLoadModule() /var/www/html/throwback16/classes/module/Module.php:1107
[10-Apr-2017 12:24:06 Europe/Paris] PHP  13. include_once() /var/www/html/throwback16/classes/module/Module.php:1129
[10-Apr-2017 12:33:00 Europe/Paris] PHP Fatal error:  Cannot redeclare bloginfo() (previously declared in /var/www/html/throwback16/blog/wp-includes/general-template.php:595) in /var/www/html/throwback16/modules/revsliderprestashop/revprestashoploader.php on line 102
[10-Apr-2017 12:33:00 Europe/Paris] PHP Stack trace:
[10-Apr-2017 12:33:00 Europe/Paris] PHP   1. {main}() /var/www/html/throwback16/blog/index.php:0
[10-Apr-2017 12:33:00 Europe/Paris] PHP   2. require() /var/www/html/throwback16/blog/index.php:17
[10-Apr-2017 12:33:00 Europe/Paris] PHP   3. require_once() /var/www/html/throwback16/blog/wp-blog-header.php:19
[10-Apr-2017 12:33:00 Europe/Paris] PHP   4. include() /var/www/html/throwback16/blog/wp-includes/template-loader.php:74
[10-Apr-2017 12:33:00 Europe/Paris] PHP   5. get_header() /var/www/html/throwback16/blog/wp-content/themes/fluid/front-page.php:13
[10-Apr-2017 12:33:00 Europe/Paris] PHP   6. locate_template() /var/www/html/throwback16/blog/wp-includes/general-template.php:45
[10-Apr-2017 12:33:00 Europe/Paris] PHP   7. load_template() /var/www/html/throwback16/blog/wp-includes/template.php:643
[10-Apr-2017 12:33:00 Europe/Paris] PHP   8. require_once() /var/www/html/throwback16/blog/wp-includes/template.php:684
[10-Apr-2017 12:33:00 Europe/Paris] PHP   9. FrontController->displayHeaderBlog() /var/www/html/throwback16/blog/wp-content/themes/fluid/header.php:38
[10-Apr-2017 12:33:00 Europe/Paris] PHP  10. HookCore::exec() /var/www/html/throwback16/override/classes/controller/FrontController.php:62
[10-Apr-2017 12:33:00 Europe/Paris] PHP  11. ModuleCore::getInstanceByName() /var/www/html/throwback16/classes/Hook.php:522
[10-Apr-2017 12:33:00 Europe/Paris] PHP  12. ModuleCore::coreLoadModule() /var/www/html/throwback16/classes/module/Module.php:1107
[10-Apr-2017 12:33:00 Europe/Paris] PHP  13. include_once() /var/www/html/throwback16/classes/module/Module.php:1129
[10-Apr-2017 12:33:35 Europe/Paris] PHP Fatal error:  Cannot redeclare bloginfo() (previously declared in /var/www/html/throwback16/blog/wp-includes/general-template.php:595) in /var/www/html/throwback16/modules/revsliderprestashop/revprestashoploader.php on line 102
[10-Apr-2017 12:33:35 Europe/Paris] PHP Stack trace:
[10-Apr-2017 12:33:35 Europe/Paris] PHP   1. {main}() /var/www/html/throwback16/blog/index.php:0
[10-Apr-2017 12:33:35 Europe/Paris] PHP   2. require() /var/www/html/throwback16/blog/index.php:17
[10-Apr-2017 12:33:35 Europe/Paris] PHP   3. require_once() /var/www/html/throwback16/blog/wp-blog-header.php:19
[10-Apr-2017 12:33:35 Europe/Paris] PHP   4. include() /var/www/html/throwback16/blog/wp-includes/template-loader.php:74
[10-Apr-2017 12:33:35 Europe/Paris] PHP   5. get_header() /var/www/html/throwback16/blog/wp-content/themes/fluid/front-page.php:13
[10-Apr-2017 12:33:35 Europe/Paris] PHP   6. locate_template() /var/www/html/throwback16/blog/wp-includes/general-template.php:45
[10-Apr-2017 12:33:35 Europe/Paris] PHP   7. load_template() /var/www/html/throwback16/blog/wp-includes/template.php:643
[10-Apr-2017 12:33:35 Europe/Paris] PHP   8. require_once() /var/www/html/throwback16/blog/wp-includes/template.php:684
[10-Apr-2017 12:33:35 Europe/Paris] PHP   9. FrontController->displayHeaderBlog() /var/www/html/throwback16/blog/wp-content/themes/fluid/header.php:38
[10-Apr-2017 12:33:35 Europe/Paris] PHP  10. HookCore::exec() /var/www/html/throwback16/override/classes/controller/FrontController.php:62
[10-Apr-2017 12:33:35 Europe/Paris] PHP  11. ModuleCore::getInstanceByName() /var/www/html/throwback16/classes/Hook.php:522
[10-Apr-2017 12:33:35 Europe/Paris] PHP  12. ModuleCore::coreLoadModule() /var/www/html/throwback16/classes/module/Module.php:1107
[10-Apr-2017 12:33:35 Europe/Paris] PHP  13. include_once() /var/www/html/throwback16/classes/module/Module.php:1129
[10-Apr-2017 12:33:54 Europe/Paris] PHP Fatal error:  Cannot redeclare bloginfo() (previously declared in /var/www/html/throwback16/blog/wp-includes/general-template.php:595) in /var/www/html/throwback16/modules/revsliderprestashop/revprestashoploader.php on line 102
[10-Apr-2017 12:33:54 Europe/Paris] PHP Stack trace:
[10-Apr-2017 12:33:54 Europe/Paris] PHP   1. {main}() /var/www/html/throwback16/blog/index.php:0
[10-Apr-2017 12:33:54 Europe/Paris] PHP   2. require() /var/www/html/throwback16/blog/index.php:17
[10-Apr-2017 12:33:54 Europe/Paris] PHP   3. require_once() /var/www/html/throwback16/blog/wp-blog-header.php:19
[10-Apr-2017 12:33:54 Europe/Paris] PHP   4. include() /var/www/html/throwback16/blog/wp-includes/template-loader.php:74
[10-Apr-2017 12:33:54 Europe/Paris] PHP   5. get_header() /var/www/html/throwback16/blog/wp-content/themes/fluid/front-page.php:13
[10-Apr-2017 12:33:54 Europe/Paris] PHP   6. locate_template() /var/www/html/throwback16/blog/wp-includes/general-template.php:45
[10-Apr-2017 12:33:54 Europe/Paris] PHP   7. load_template() /var/www/html/throwback16/blog/wp-includes/template.php:643
[10-Apr-2017 12:33:54 Europe/Paris] PHP   8. require_once() /var/www/html/throwback16/blog/wp-includes/template.php:684
[10-Apr-2017 12:33:54 Europe/Paris] PHP   9. FrontController->displayHeaderBlog() /var/www/html/throwback16/blog/wp-content/themes/fluid/header.php:38
[10-Apr-2017 12:33:54 Europe/Paris] PHP  10. HookCore::exec() /var/www/html/throwback16/override/classes/controller/FrontController.php:62
[10-Apr-2017 12:33:54 Europe/Paris] PHP  11. ModuleCore::getInstanceByName() /var/www/html/throwback16/classes/Hook.php:522
[10-Apr-2017 12:33:54 Europe/Paris] PHP  12. ModuleCore::coreLoadModule() /var/www/html/throwback16/classes/module/Module.php:1107
[10-Apr-2017 12:33:54 Europe/Paris] PHP  13. include_once() /var/www/html/throwback16/classes/module/Module.php:1129
[10-Apr-2017 12:34:35 Europe/Paris] PHP Fatal error:  Cannot redeclare bloginfo() (previously declared in /var/www/html/throwback16/blog/wp-includes/general-template.php:595) in /var/www/html/throwback16/modules/revsliderprestashop/revprestashoploader.php on line 102
[10-Apr-2017 12:34:35 Europe/Paris] PHP Stack trace:
[10-Apr-2017 12:34:35 Europe/Paris] PHP   1. {main}() /var/www/html/throwback16/blog/index.php:0
[10-Apr-2017 12:34:35 Europe/Paris] PHP   2. require() /var/www/html/throwback16/blog/index.php:17
[10-Apr-2017 12:34:35 Europe/Paris] PHP   3. require_once() /var/www/html/throwback16/blog/wp-blog-header.php:19
[10-Apr-2017 12:34:35 Europe/Paris] PHP   4. include() /var/www/html/throwback16/blog/wp-includes/template-loader.php:74
[10-Apr-2017 12:34:35 Europe/Paris] PHP   5. get_header() /var/www/html/throwback16/blog/wp-content/themes/fluid/front-page.php:13
[10-Apr-2017 12:34:35 Europe/Paris] PHP   6. locate_template() /var/www/html/throwback16/blog/wp-includes/general-template.php:45
[10-Apr-2017 12:34:35 Europe/Paris] PHP   7. load_template() /var/www/html/throwback16/blog/wp-includes/template.php:643
[10-Apr-2017 12:34:35 Europe/Paris] PHP   8. require_once() /var/www/html/throwback16/blog/wp-includes/template.php:684
[10-Apr-2017 12:34:35 Europe/Paris] PHP   9. FrontController->displayHeaderBlog() /var/www/html/throwback16/blog/wp-content/themes/fluid/header.php:38
[10-Apr-2017 12:34:35 Europe/Paris] PHP  10. HookCore::exec() /var/www/html/throwback16/override/classes/controller/FrontController.php:62
[10-Apr-2017 12:34:35 Europe/Paris] PHP  11. ModuleCore::getInstanceByName() /var/www/html/throwback16/classes/Hook.php:522
[10-Apr-2017 12:34:35 Europe/Paris] PHP  12. ModuleCore::coreLoadModule() /var/www/html/throwback16/classes/module/Module.php:1107
[10-Apr-2017 12:34:35 Europe/Paris] PHP  13. include_once() /var/www/html/throwback16/classes/module/Module.php:1129
[10-Apr-2017 12:57:58 Europe/Paris] PHP Fatal error:  Cannot redeclare bloginfo() (previously declared in /var/www/html/throwback16/blog/wp-includes/general-template.php:595) in /var/www/html/throwback16/modules/revsliderprestashop/revprestashoploader.php on line 102
[10-Apr-2017 12:57:58 Europe/Paris] PHP Stack trace:
[10-Apr-2017 12:57:58 Europe/Paris] PHP   1. {main}() /var/www/html/throwback16/blog/index.php:0
[10-Apr-2017 12:57:58 Europe/Paris] PHP   2. require() /var/www/html/throwback16/blog/index.php:17
[10-Apr-2017 12:57:58 Europe/Paris] PHP   3. require_once() /var/www/html/throwback16/blog/wp-blog-header.php:19
[10-Apr-2017 12:57:58 Europe/Paris] PHP   4. include() /var/www/html/throwback16/blog/wp-includes/template-loader.php:74
[10-Apr-2017 12:57:58 Europe/Paris] PHP   5. load_template() /var/www/html/throwback16/blog/wp-content/themes/fluid/rudnes.php:8
[10-Apr-2017 12:57:58 Europe/Paris] PHP   6. require_once() /var/www/html/throwback16/blog/wp-includes/template.php:684
[10-Apr-2017 12:57:58 Europe/Paris] PHP   7. get_header() /var/www/html/throwback16/blog/wp-content/themes/fluid/front-page-rudness.php:13
[10-Apr-2017 12:57:58 Europe/Paris] PHP   8. locate_template() /var/www/html/throwback16/blog/wp-includes/general-template.php:45
[10-Apr-2017 12:57:58 Europe/Paris] PHP   9. load_template() /var/www/html/throwback16/blog/wp-includes/template.php:643
[10-Apr-2017 12:57:58 Europe/Paris] PHP  10. require_once() /var/www/html/throwback16/blog/wp-includes/template.php:684
[10-Apr-2017 12:57:58 Europe/Paris] PHP  11. FrontController->displayHeaderBlog() /var/www/html/throwback16/blog/wp-content/themes/fluid/header.php:38
[10-Apr-2017 12:57:58 Europe/Paris] PHP  12. HookCore::exec() /var/www/html/throwback16/override/classes/controller/FrontController.php:62
[10-Apr-2017 12:57:58 Europe/Paris] PHP  13. ModuleCore::getInstanceByName() /var/www/html/throwback16/classes/Hook.php:522
[10-Apr-2017 12:57:58 Europe/Paris] PHP  14. ModuleCore::coreLoadModule() /var/www/html/throwback16/classes/module/Module.php:1107
[10-Apr-2017 12:57:58 Europe/Paris] PHP  15. include_once() /var/www/html/throwback16/classes/module/Module.php:1129
[10-Apr-2017 12:58:02 Europe/Paris] PHP Fatal error:  Cannot redeclare bloginfo() (previously declared in /var/www/html/throwback16/blog/wp-includes/general-template.php:595) in /var/www/html/throwback16/modules/revsliderprestashop/revprestashoploader.php on line 102
[10-Apr-2017 12:58:02 Europe/Paris] PHP Stack trace:
[10-Apr-2017 12:58:02 Europe/Paris] PHP   1. {main}() /var/www/html/throwback16/blog/index.php:0
[10-Apr-2017 12:58:02 Europe/Paris] PHP   2. require() /var/www/html/throwback16/blog/index.php:17
[10-Apr-2017 12:58:02 Europe/Paris] PHP   3. require_once() /var/www/html/throwback16/blog/wp-blog-header.php:19
[10-Apr-2017 12:58:02 Europe/Paris] PHP   4. include() /var/www/html/throwback16/blog/wp-includes/template-loader.php:74
[10-Apr-2017 12:58:02 Europe/Paris] PHP   5. get_header() /var/www/html/throwback16/blog/wp-content/themes/fluid/front-page.php:13
[10-Apr-2017 12:58:02 Europe/Paris] PHP   6. locate_template() /var/www/html/throwback16/blog/wp-includes/general-template.php:45
[10-Apr-2017 12:58:02 Europe/Paris] PHP   7. load_template() /var/www/html/throwback16/blog/wp-includes/template.php:643
[10-Apr-2017 12:58:02 Europe/Paris] PHP   8. require_once() /var/www/html/throwback16/blog/wp-includes/template.php:684
[10-Apr-2017 12:58:02 Europe/Paris] PHP   9. FrontController->displayHeaderBlog() /var/www/html/throwback16/blog/wp-content/themes/fluid/header.php:38
[10-Apr-2017 12:58:02 Europe/Paris] PHP  10. HookCore::exec() /var/www/html/throwback16/override/classes/controller/FrontController.php:62
[10-Apr-2017 12:58:02 Europe/Paris] PHP  11. ModuleCore::getInstanceByName() /var/www/html/throwback16/classes/Hook.php:522
[10-Apr-2017 12:58:02 Europe/Paris] PHP  12. ModuleCore::coreLoadModule() /var/www/html/throwback16/classes/module/Module.php:1107
[10-Apr-2017 12:58:02 Europe/Paris] PHP  13. include_once() /var/www/html/throwback16/classes/module/Module.php:1129
[10-Apr-2017 13:53:49 Europe/Paris] PHP Fatal error:  Cannot redeclare bloginfo() (previously declared in /var/www/html/throwback16/blog/wp-includes/general-template.php:595) in /var/www/html/throwback16/modules/revsliderprestashop/revprestashoploader.php on line 102
[10-Apr-2017 13:53:49 Europe/Paris] PHP Stack trace:
[10-Apr-2017 13:53:49 Europe/Paris] PHP   1. {main}() /var/www/html/throwback16/blog/index.php:0
[10-Apr-2017 13:53:49 Europe/Paris] PHP   2. require() /var/www/html/throwback16/blog/index.php:17
[10-Apr-2017 13:53:49 Europe/Paris] PHP   3. require_once() /var/www/html/throwback16/blog/wp-blog-header.php:19
[10-Apr-2017 13:53:49 Europe/Paris] PHP   4. include() /var/www/html/throwback16/blog/wp-includes/template-loader.php:74
[10-Apr-2017 13:53:49 Europe/Paris] PHP   5. get_header() /var/www/html/throwback16/blog/wp-content/themes/fluid/front-page.php:13
[10-Apr-2017 13:53:49 Europe/Paris] PHP   6. locate_template() /var/www/html/throwback16/blog/wp-includes/general-template.php:45
[10-Apr-2017 13:53:49 Europe/Paris] PHP   7. load_template() /var/www/html/throwback16/blog/wp-includes/template.php:643
[10-Apr-2017 13:53:49 Europe/Paris] PHP   8. require_once() /var/www/html/throwback16/blog/wp-includes/template.php:684
[10-Apr-2017 13:53:49 Europe/Paris] PHP   9. FrontController->displayHeaderBlog() /var/www/html/throwback16/blog/wp-content/themes/fluid/header.php:38
[10-Apr-2017 13:53:49 Europe/Paris] PHP  10. HookCore::exec() /var/www/html/throwback16/override/classes/controller/FrontController.php:62
[10-Apr-2017 13:53:49 Europe/Paris] PHP  11. ModuleCore::getInstanceByName() /var/www/html/throwback16/classes/Hook.php:522
[10-Apr-2017 13:53:49 Europe/Paris] PHP  12. ModuleCore::coreLoadModule() /var/www/html/throwback16/classes/module/Module.php:1107
[10-Apr-2017 13:53:49 Europe/Paris] PHP  13. include_once() /var/www/html/throwback16/classes/module/Module.php:1129
[10-Apr-2017 13:57:37 Europe/Paris] PHP Fatal error:  Cannot redeclare bloginfo() (previously declared in /var/www/html/throwback16/blog/wp-includes/general-template.php:595) in /var/www/html/throwback16/modules/revsliderprestashop/revprestashoploader.php on line 102
[10-Apr-2017 13:57:37 Europe/Paris] PHP Stack trace:
[10-Apr-2017 13:57:37 Europe/Paris] PHP   1. {main}() /var/www/html/throwback16/blog/index.php:0
[10-Apr-2017 13:57:37 Europe/Paris] PHP   2. require() /var/www/html/throwback16/blog/index.php:17
[10-Apr-2017 13:57:37 Europe/Paris] PHP   3. require_once() /var/www/html/throwback16/blog/wp-blog-header.php:19
[10-Apr-2017 13:57:37 Europe/Paris] PHP   4. include() /var/www/html/throwback16/blog/wp-includes/template-loader.php:74
[10-Apr-2017 13:57:37 Europe/Paris] PHP   5. get_header() /var/www/html/throwback16/blog/wp-content/themes/fluid/front-page.php:13
[10-Apr-2017 13:57:37 Europe/Paris] PHP   6. locate_template() /var/www/html/throwback16/blog/wp-includes/general-template.php:45
[10-Apr-2017 13:57:37 Europe/Paris] PHP   7. load_template() /var/www/html/throwback16/blog/wp-includes/template.php:643
[10-Apr-2017 13:57:37 Europe/Paris] PHP   8. require_once() /var/www/html/throwback16/blog/wp-includes/template.php:684
[10-Apr-2017 13:57:37 Europe/Paris] PHP   9. FrontController->displayHeaderBlog() /var/www/html/throwback16/blog/wp-content/themes/fluid/header.php:38
[10-Apr-2017 13:57:37 Europe/Paris] PHP  10. HookCore::exec() /var/www/html/throwback16/override/classes/controller/FrontController.php:62
[10-Apr-2017 13:57:37 Europe/Paris] PHP  11. ModuleCore::getInstanceByName() /var/www/html/throwback16/classes/Hook.php:522
[10-Apr-2017 13:57:37 Europe/Paris] PHP  12. ModuleCore::coreLoadModule() /var/www/html/throwback16/classes/module/Module.php:1107
[10-Apr-2017 13:57:37 Europe/Paris] PHP  13. include_once() /var/www/html/throwback16/classes/module/Module.php:1129
[10-Apr-2017 16:52:25 Europe/Paris] PHP Fatal error:  Cannot redeclare bloginfo() (previously declared in /var/www/html/throwback16/blog/wp-includes/general-template.php:595) in /var/www/html/throwback16/modules/revsliderprestashop/revprestashoploader.php on line 102
[10-Apr-2017 16:52:25 Europe/Paris] PHP Stack trace:
[10-Apr-2017 16:52:25 Europe/Paris] PHP   1. {main}() /var/www/html/throwback16/blog/index.php:0
[10-Apr-2017 16:52:25 Europe/Paris] PHP   2. require() /var/www/html/throwback16/blog/index.php:17
[10-Apr-2017 16:52:25 Europe/Paris] PHP   3. require_once() /var/www/html/throwback16/blog/wp-blog-header.php:19
[10-Apr-2017 16:52:25 Europe/Paris] PHP   4. include() /var/www/html/throwback16/blog/wp-includes/template-loader.php:74
[10-Apr-2017 16:52:25 Europe/Paris] PHP   5. load_template() /var/www/html/throwback16/blog/wp-content/themes/fluid/rudnes.php:8
[10-Apr-2017 16:52:25 Europe/Paris] PHP   6. require_once() /var/www/html/throwback16/blog/wp-includes/template.php:684
[10-Apr-2017 16:52:25 Europe/Paris] PHP   7. get_header() /var/www/html/throwback16/blog/wp-content/themes/fluid/front-page-rudness.php:13
[10-Apr-2017 16:52:25 Europe/Paris] PHP   8. locate_template() /var/www/html/throwback16/blog/wp-includes/general-template.php:45
[10-Apr-2017 16:52:25 Europe/Paris] PHP   9. load_template() /var/www/html/throwback16/blog/wp-includes/template.php:643
[10-Apr-2017 16:52:25 Europe/Paris] PHP  10. require_once() /var/www/html/throwback16/blog/wp-includes/template.php:684
[10-Apr-2017 16:52:25 Europe/Paris] PHP  11. FrontController->displayHeaderBlog() /var/www/html/throwback16/blog/wp-content/themes/fluid/header.php:38
[10-Apr-2017 16:52:25 Europe/Paris] PHP  12. HookCore::exec() /var/www/html/throwback16/override/classes/controller/FrontController.php:62
[10-Apr-2017 16:52:25 Europe/Paris] PHP  13. ModuleCore::getInstanceByName() /var/www/html/throwback16/classes/Hook.php:522
[10-Apr-2017 16:52:25 Europe/Paris] PHP  14. ModuleCore::coreLoadModule() /var/www/html/throwback16/classes/module/Module.php:1107
[10-Apr-2017 16:52:25 Europe/Paris] PHP  15. include_once() /var/www/html/throwback16/classes/module/Module.php:1129
[10-Apr-2017 16:52:26 Europe/Paris] PHP Fatal error:  Cannot redeclare bloginfo() (previously declared in /var/www/html/throwback16/blog/wp-includes/general-template.php:595) in /var/www/html/throwback16/modules/revsliderprestashop/revprestashoploader.php on line 102
[10-Apr-2017 16:52:26 Europe/Paris] PHP Stack trace:
[10-Apr-2017 16:52:26 Europe/Paris] PHP   1. {main}() /var/www/html/throwback16/blog/index.php:0
[10-Apr-2017 16:52:26 Europe/Paris] PHP   2. require() /var/www/html/throwback16/blog/index.php:17
[10-Apr-2017 16:52:26 Europe/Paris] PHP   3. require_once() /var/www/html/throwback16/blog/wp-blog-header.php:19
[10-Apr-2017 16:52:26 Europe/Paris] PHP   4. include() /var/www/html/throwback16/blog/wp-includes/template-loader.php:74
[10-Apr-2017 16:52:26 Europe/Paris] PHP   5. load_template() /var/www/html/throwback16/blog/wp-content/themes/fluid/rudnes.php:8
[10-Apr-2017 16:52:26 Europe/Paris] PHP   6. require_once() /var/www/html/throwback16/blog/wp-includes/template.php:684
[10-Apr-2017 16:52:26 Europe/Paris] PHP   7. get_header() /var/www/html/throwback16/blog/wp-content/themes/fluid/front-page-rudness.php:13
[10-Apr-2017 16:52:26 Europe/Paris] PHP   8. locate_template() /var/www/html/throwback16/blog/wp-includes/general-template.php:45
[10-Apr-2017 16:52:26 Europe/Paris] PHP   9. load_template() /var/www/html/throwback16/blog/wp-includes/template.php:643
[10-Apr-2017 16:52:26 Europe/Paris] PHP  10. require_once() /var/www/html/throwback16/blog/wp-includes/template.php:684
[10-Apr-2017 16:52:26 Europe/Paris] PHP  11. FrontController->displayHeaderBlog() /var/www/html/throwback16/blog/wp-content/themes/fluid/header.php:38
[10-Apr-2017 16:52:26 Europe/Paris] PHP  12. HookCore::exec() /var/www/html/throwback16/override/classes/controller/FrontController.php:62
[10-Apr-2017 16:52:26 Europe/Paris] PHP  13. ModuleCore::getInstanceByName() /var/www/html/throwback16/classes/Hook.php:522
[10-Apr-2017 16:52:26 Europe/Paris] PHP  14. ModuleCore::coreLoadModule() /var/www/html/throwback16/classes/module/Module.php:1107
[10-Apr-2017 16:52:26 Europe/Paris] PHP  15. include_once() /var/www/html/throwback16/classes/module/Module.php:1129
[11-Apr-2017 12:44:19 Europe/Paris] PHP Fatal error:  Cannot redeclare bloginfo() (previously declared in /var/www/html/throwback16/blog/wp-includes/general-template.php:595) in /var/www/html/throwback16/modules/revsliderprestashop/revprestashoploader.php on line 102
[11-Apr-2017 12:44:19 Europe/Paris] PHP Stack trace:
[11-Apr-2017 12:44:19 Europe/Paris] PHP   1. {main}() /var/www/html/throwback16/blog/index.php:0
[11-Apr-2017 12:44:19 Europe/Paris] PHP   2. require() /var/www/html/throwback16/blog/index.php:17
[11-Apr-2017 12:44:19 Europe/Paris] PHP   3. require_once() /var/www/html/throwback16/blog/wp-blog-header.php:19
[11-Apr-2017 12:44:19 Europe/Paris] PHP   4. include() /var/www/html/throwback16/blog/wp-includes/template-loader.php:74
[11-Apr-2017 12:44:19 Europe/Paris] PHP   5. get_header() /var/www/html/throwback16/blog/wp-content/themes/fluid/front-page.php:13
[11-Apr-2017 12:44:19 Europe/Paris] PHP   6. locate_template() /var/www/html/throwback16/blog/wp-includes/general-template.php:45
[11-Apr-2017 12:44:19 Europe/Paris] PHP   7. load_template() /var/www/html/throwback16/blog/wp-includes/template.php:643
[11-Apr-2017 12:44:19 Europe/Paris] PHP   8. require_once() /var/www/html/throwback16/blog/wp-includes/template.php:684
[11-Apr-2017 12:44:19 Europe/Paris] PHP   9. FrontController->displayHeaderBlog() /var/www/html/throwback16/blog/wp-content/themes/fluid/header.php:38
[11-Apr-2017 12:44:19 Europe/Paris] PHP  10. HookCore::exec() /var/www/html/throwback16/override/classes/controller/FrontController.php:62
[11-Apr-2017 12:44:19 Europe/Paris] PHP  11. ModuleCore::getInstanceByName() /var/www/html/throwback16/classes/Hook.php:522
[11-Apr-2017 12:44:19 Europe/Paris] PHP  12. ModuleCore::coreLoadModule() /var/www/html/throwback16/classes/module/Module.php:1107
[11-Apr-2017 12:44:19 Europe/Paris] PHP  13. include_once() /var/www/html/throwback16/classes/module/Module.php:1129
[11-Apr-2017 12:44:26 Europe/Paris] PHP Fatal error:  Cannot redeclare bloginfo() (previously declared in /var/www/html/throwback16/blog/wp-includes/general-template.php:595) in /var/www/html/throwback16/modules/revsliderprestashop/revprestashoploader.php on line 102
[11-Apr-2017 12:44:26 Europe/Paris] PHP Stack trace:
[11-Apr-2017 12:44:26 Europe/Paris] PHP   1. {main}() /var/www/html/throwback16/blog/index.php:0
[11-Apr-2017 12:44:26 Europe/Paris] PHP   2. require() /var/www/html/throwback16/blog/index.php:17
[11-Apr-2017 12:44:26 Europe/Paris] PHP   3. require_once() /var/www/html/throwback16/blog/wp-blog-header.php:19
[11-Apr-2017 12:44:26 Europe/Paris] PHP   4. include() /var/www/html/throwback16/blog/wp-includes/template-loader.php:74
[11-Apr-2017 12:44:26 Europe/Paris] PHP   5. load_template() /var/www/html/throwback16/blog/wp-content/themes/fluid/rudnes.php:8
[11-Apr-2017 12:44:26 Europe/Paris] PHP   6. require_once() /var/www/html/throwback16/blog/wp-includes/template.php:684
[11-Apr-2017 12:44:26 Europe/Paris] PHP   7. get_header() /var/www/html/throwback16/blog/wp-content/themes/fluid/front-page-rudness.php:13
[11-Apr-2017 12:44:26 Europe/Paris] PHP   8. locate_template() /var/www/html/throwback16/blog/wp-includes/general-template.php:45
[11-Apr-2017 12:44:26 Europe/Paris] PHP   9. load_template() /var/www/html/throwback16/blog/wp-includes/template.php:643
[11-Apr-2017 12:44:26 Europe/Paris] PHP  10. require_once() /var/www/html/throwback16/blog/wp-includes/template.php:684
[11-Apr-2017 12:44:26 Europe/Paris] PHP  11. FrontController->displayHeaderBlog() /var/www/html/throwback16/blog/wp-content/themes/fluid/header.php:38
[11-Apr-2017 12:44:26 Europe/Paris] PHP  12. HookCore::exec() /var/www/html/throwback16/override/classes/controller/FrontController.php:62
[11-Apr-2017 12:44:26 Europe/Paris] PHP  13. ModuleCore::getInstanceByName() /var/www/html/throwback16/classes/Hook.php:522
[11-Apr-2017 12:44:26 Europe/Paris] PHP  14. ModuleCore::coreLoadModule() /var/www/html/throwback16/classes/module/Module.php:1107
[11-Apr-2017 12:44:26 Europe/Paris] PHP  15. include_once() /var/www/html/throwback16/classes/module/Module.php:1129
[11-Apr-2017 13:43:30 Europe/Paris] PHP Fatal error:  Cannot redeclare bloginfo() (previously declared in /var/www/html/throwback16/blog/wp-includes/general-template.php:595) in /var/www/html/throwback16/modules/revsliderprestashop/revprestashoploader.php on line 102
[11-Apr-2017 13:43:30 Europe/Paris] PHP Stack trace:
[11-Apr-2017 13:43:30 Europe/Paris] PHP   1. {main}() /var/www/html/throwback16/blog/index.php:0
[11-Apr-2017 13:43:30 Europe/Paris] PHP   2. require() /var/www/html/throwback16/blog/index.php:17
[11-Apr-2017 13:43:30 Europe/Paris] PHP   3. require_once() /var/www/html/throwback16/blog/wp-blog-header.php:19
[11-Apr-2017 13:43:30 Europe/Paris] PHP   4. include() /var/www/html/throwback16/blog/wp-includes/template-loader.php:74
[11-Apr-2017 13:43:30 Europe/Paris] PHP   5. get_header() /var/www/html/throwback16/blog/wp-content/themes/fluid/front-page.php:13
[11-Apr-2017 13:43:30 Europe/Paris] PHP   6. locate_template() /var/www/html/throwback16/blog/wp-includes/general-template.php:45
[11-Apr-2017 13:43:30 Europe/Paris] PHP   7. load_template() /var/www/html/throwback16/blog/wp-includes/template.php:643
[11-Apr-2017 13:43:30 Europe/Paris] PHP   8. require_once() /var/www/html/throwback16/blog/wp-includes/template.php:684
[11-Apr-2017 13:43:30 Europe/Paris] PHP   9. FrontController->displayHeaderBlog() /var/www/html/throwback16/blog/wp-content/themes/fluid/header.php:38
[11-Apr-2017 13:43:30 Europe/Paris] PHP  10. HookCore::exec() /var/www/html/throwback16/override/classes/controller/FrontController.php:62
[11-Apr-2017 13:43:30 Europe/Paris] PHP  11. ModuleCore::getInstanceByName() /var/www/html/throwback16/classes/Hook.php:522
[11-Apr-2017 13:43:30 Europe/Paris] PHP  12. ModuleCore::coreLoadModule() /var/www/html/throwback16/classes/module/Module.php:1107
[11-Apr-2017 13:43:30 Europe/Paris] PHP  13. include_once() /var/www/html/throwback16/classes/module/Module.php:1129
[11-Apr-2017 13:44:49 Europe/Paris] PHP Fatal error:  Cannot redeclare bloginfo() (previously declared in /var/www/html/throwback16/blog/wp-includes/general-template.php:595) in /var/www/html/throwback16/modules/revsliderprestashop/revprestashoploader.php on line 102
[11-Apr-2017 13:44:49 Europe/Paris] PHP Stack trace:
[11-Apr-2017 13:44:49 Europe/Paris] PHP   1. {main}() /var/www/html/throwback16/blog/index.php:0
[11-Apr-2017 13:44:49 Europe/Paris] PHP   2. require() /var/www/html/throwback16/blog/index.php:17
[11-Apr-2017 13:44:49 Europe/Paris] PHP   3. require_once() /var/www/html/throwback16/blog/wp-blog-header.php:19
[11-Apr-2017 13:44:49 Europe/Paris] PHP   4. include() /var/www/html/throwback16/blog/wp-includes/template-loader.php:74
[11-Apr-2017 13:44:49 Europe/Paris] PHP   5. load_template() /var/www/html/throwback16/blog/wp-content/themes/fluid/rudnes.php:8
[11-Apr-2017 13:44:49 Europe/Paris] PHP   6. require_once() /var/www/html/throwback16/blog/wp-includes/template.php:684
[11-Apr-2017 13:44:49 Europe/Paris] PHP   7. get_header() /var/www/html/throwback16/blog/wp-content/themes/fluid/front-page-rudness.php:13
[11-Apr-2017 13:44:49 Europe/Paris] PHP   8. locate_template() /var/www/html/throwback16/blog/wp-includes/general-template.php:45
[11-Apr-2017 13:44:49 Europe/Paris] PHP   9. load_template() /var/www/html/throwback16/blog/wp-includes/template.php:643
[11-Apr-2017 13:44:49 Europe/Paris] PHP  10. require_once() /var/www/html/throwback16/blog/wp-includes/template.php:684
[11-Apr-2017 13:44:49 Europe/Paris] PHP  11. FrontController->displayHeaderBlog() /var/www/html/throwback16/blog/wp-content/themes/fluid/header.php:38
[11-Apr-2017 13:44:49 Europe/Paris] PHP  12. HookCore::exec() /var/www/html/throwback16/override/classes/controller/FrontController.php:62
[11-Apr-2017 13:44:49 Europe/Paris] PHP  13. ModuleCore::getInstanceByName() /var/www/html/throwback16/classes/Hook.php:522
[11-Apr-2017 13:44:49 Europe/Paris] PHP  14. ModuleCore::coreLoadModule() /var/www/html/throwback16/classes/module/Module.php:1107
[11-Apr-2017 13:44:49 Europe/Paris] PHP  15. include_once() /var/www/html/throwback16/classes/module/Module.php:1129
[11-Apr-2017 21:56:13 Europe/Paris] PHP Fatal error:  Cannot redeclare bloginfo() (previously declared in /var/www/html/throwback16/blog/wp-includes/general-template.php:595) in /var/www/html/throwback16/modules/revsliderprestashop/revprestashoploader.php on line 102
[11-Apr-2017 21:56:13 Europe/Paris] PHP Stack trace:
[11-Apr-2017 21:56:13 Europe/Paris] PHP   1. {main}() /var/www/html/throwback16/blog/index.php:0
[11-Apr-2017 21:56:13 Europe/Paris] PHP   2. require() /var/www/html/throwback16/blog/index.php:17
[11-Apr-2017 21:56:13 Europe/Paris] PHP   3. require_once() /var/www/html/throwback16/blog/wp-blog-header.php:19
[11-Apr-2017 21:56:13 Europe/Paris] PHP   4. include() /var/www/html/throwback16/blog/wp-includes/template-loader.php:74
[11-Apr-2017 21:56:13 Europe/Paris] PHP   5. get_header() /var/www/html/throwback16/blog/wp-content/themes/fluid/front-page.php:13
[11-Apr-2017 21:56:13 Europe/Paris] PHP   6. locate_template() /var/www/html/throwback16/blog/wp-includes/general-template.php:45
[11-Apr-2017 21:56:13 Europe/Paris] PHP   7. load_template() /var/www/html/throwback16/blog/wp-includes/template.php:643
[11-Apr-2017 21:56:13 Europe/Paris] PHP   8. require_once() /var/www/html/throwback16/blog/wp-includes/template.php:684
[11-Apr-2017 21:56:13 Europe/Paris] PHP   9. FrontController->displayHeaderBlog() /var/www/html/throwback16/blog/wp-content/themes/fluid/header.php:38
[11-Apr-2017 21:56:13 Europe/Paris] PHP  10. HookCore::exec() /var/www/html/throwback16/override/classes/controller/FrontController.php:62
[11-Apr-2017 21:56:13 Europe/Paris] PHP  11. ModuleCore::getInstanceByName() /var/www/html/throwback16/classes/Hook.php:522
[11-Apr-2017 21:56:13 Europe/Paris] PHP  12. ModuleCore::coreLoadModule() /var/www/html/throwback16/classes/module/Module.php:1107
[11-Apr-2017 21:56:13 Europe/Paris] PHP  13. include_once() /var/www/html/throwback16/classes/module/Module.php:1129
[11-Apr-2017 21:56:18 Europe/Paris] PHP Fatal error:  Cannot redeclare bloginfo() (previously declared in /var/www/html/throwback16/blog/wp-includes/general-template.php:595) in /var/www/html/throwback16/modules/revsliderprestashop/revprestashoploader.php on line 102
[11-Apr-2017 21:56:18 Europe/Paris] PHP Stack trace:
[11-Apr-2017 21:56:18 Europe/Paris] PHP   1. {main}() /var/www/html/throwback16/blog/index.php:0
[11-Apr-2017 21:56:18 Europe/Paris] PHP   2. require() /var/www/html/throwback16/blog/index.php:17
[11-Apr-2017 21:56:18 Europe/Paris] PHP   3. require_once() /var/www/html/throwback16/blog/wp-blog-header.php:19
[11-Apr-2017 21:56:18 Europe/Paris] PHP   4. include() /var/www/html/throwback16/blog/wp-includes/template-loader.php:74
[11-Apr-2017 21:56:18 Europe/Paris] PHP   5. get_header() /var/www/html/throwback16/blog/wp-content/themes/fluid/front-page.php:13
[11-Apr-2017 21:56:18 Europe/Paris] PHP   6. locate_template() /var/www/html/throwback16/blog/wp-includes/general-template.php:45
[11-Apr-2017 21:56:18 Europe/Paris] PHP   7. load_template() /var/www/html/throwback16/blog/wp-includes/template.php:643
[11-Apr-2017 21:56:18 Europe/Paris] PHP   8. require_once() /var/www/html/throwback16/blog/wp-includes/template.php:684
[11-Apr-2017 21:56:18 Europe/Paris] PHP   9. FrontController->displayHeaderBlog() /var/www/html/throwback16/blog/wp-content/themes/fluid/header.php:38
[11-Apr-2017 21:56:18 Europe/Paris] PHP  10. HookCore::exec() /var/www/html/throwback16/override/classes/controller/FrontController.php:62
[11-Apr-2017 21:56:18 Europe/Paris] PHP  11. ModuleCore::getInstanceByName() /var/www/html/throwback16/classes/Hook.php:522
[11-Apr-2017 21:56:18 Europe/Paris] PHP  12. ModuleCore::coreLoadModule() /var/www/html/throwback16/classes/module/Module.php:1107
[11-Apr-2017 21:56:18 Europe/Paris] PHP  13. include_once() /var/www/html/throwback16/classes/module/Module.php:1129
[11-Apr-2017 23:48:27 Europe/Paris] PHP Fatal error:  Cannot redeclare bloginfo() (previously declared in /var/www/html/throwback16/blog/wp-includes/general-template.php:595) in /var/www/html/throwback16/modules/revsliderprestashop/revprestashoploader.php on line 102
[11-Apr-2017 23:48:27 Europe/Paris] PHP Stack trace:
[11-Apr-2017 23:48:27 Europe/Paris] PHP   1. {main}() /var/www/html/throwback16/blog/index.php:0
[11-Apr-2017 23:48:27 Europe/Paris] PHP   2. require() /var/www/html/throwback16/blog/index.php:17
[11-Apr-2017 23:48:27 Europe/Paris] PHP   3. require_once() /var/www/html/throwback16/blog/wp-blog-header.php:19
[11-Apr-2017 23:48:27 Europe/Paris] PHP   4. include() /var/www/html/throwback16/blog/wp-includes/template-loader.php:74
[11-Apr-2017 23:48:27 Europe/Paris] PHP   5. get_header() /var/www/html/throwback16/blog/wp-content/themes/fluid/front-page.php:13
[11-Apr-2017 23:48:27 Europe/Paris] PHP   6. locate_template() /var/www/html/throwback16/blog/wp-includes/general-template.php:45
[11-Apr-2017 23:48:27 Europe/Paris] PHP   7. load_template() /var/www/html/throwback16/blog/wp-includes/template.php:643
[11-Apr-2017 23:48:27 Europe/Paris] PHP   8. require_once() /var/www/html/throwback16/blog/wp-includes/template.php:684
[11-Apr-2017 23:48:27 Europe/Paris] PHP   9. FrontController->displayHeaderBlog() /var/www/html/throwback16/blog/wp-content/themes/fluid/header.php:38
[11-Apr-2017 23:48:27 Europe/Paris] PHP  10. HookCore::exec() /var/www/html/throwback16/override/classes/controller/FrontController.php:62
[11-Apr-2017 23:48:27 Europe/Paris] PHP  11. ModuleCore::getInstanceByName() /var/www/html/throwback16/classes/Hook.php:522
[11-Apr-2017 23:48:27 Europe/Paris] PHP  12. ModuleCore::coreLoadModule() /var/www/html/throwback16/classes/module/Module.php:1107
[11-Apr-2017 23:48:27 Europe/Paris] PHP  13. include_once() /var/www/html/throwback16/classes/module/Module.php:1129
[11-Apr-2017 23:48:59 Europe/Paris] PHP Fatal error:  Cannot redeclare bloginfo() (previously declared in /var/www/html/throwback16/blog/wp-includes/general-template.php:595) in /var/www/html/throwback16/modules/revsliderprestashop/revprestashoploader.php on line 102
[11-Apr-2017 23:48:59 Europe/Paris] PHP Stack trace:
[11-Apr-2017 23:48:59 Europe/Paris] PHP   1. {main}() /var/www/html/throwback16/blog/index.php:0
[11-Apr-2017 23:48:59 Europe/Paris] PHP   2. require() /var/www/html/throwback16/blog/index.php:17
[11-Apr-2017 23:48:59 Europe/Paris] PHP   3. require_once() /var/www/html/throwback16/blog/wp-blog-header.php:19
[11-Apr-2017 23:48:59 Europe/Paris] PHP   4. include() /var/www/html/throwback16/blog/wp-includes/template-loader.php:74
[11-Apr-2017 23:48:59 Europe/Paris] PHP   5. get_header() /var/www/html/throwback16/blog/wp-content/themes/fluid/front-page.php:13
[11-Apr-2017 23:48:59 Europe/Paris] PHP   6. locate_template() /var/www/html/throwback16/blog/wp-includes/general-template.php:45
[11-Apr-2017 23:48:59 Europe/Paris] PHP   7. load_template() /var/www/html/throwback16/blog/wp-includes/template.php:643
[11-Apr-2017 23:48:59 Europe/Paris] PHP   8. require_once() /var/www/html/throwback16/blog/wp-includes/template.php:684
[11-Apr-2017 23:48:59 Europe/Paris] PHP   9. FrontController->displayHeaderBlog() /var/www/html/throwback16/blog/wp-content/themes/fluid/header.php:38
[11-Apr-2017 23:48:59 Europe/Paris] PHP  10. HookCore::exec() /var/www/html/throwback16/override/classes/controller/FrontController.php:62
[11-Apr-2017 23:48:59 Europe/Paris] PHP  11. ModuleCore::getInstanceByName() /var/www/html/throwback16/classes/Hook.php:522
[11-Apr-2017 23:48:59 Europe/Paris] PHP  12. ModuleCore::coreLoadModule() /var/www/html/throwback16/classes/module/Module.php:1107
[11-Apr-2017 23:48:59 Europe/Paris] PHP  13. include_once() /var/www/html/throwback16/classes/module/Module.php:1129
[14-Apr-2017 16:15:51 Europe/Paris] PHP Fatal error:  Cannot redeclare bloginfo() (previously declared in /var/www/html/throwback16/blog/wp-includes/general-template.php:595) in /var/www/html/throwback16/modules/revsliderprestashop/revprestashoploader.php on line 102
[14-Apr-2017 16:15:51 Europe/Paris] PHP Stack trace:
[14-Apr-2017 16:15:51 Europe/Paris] PHP   1. {main}() /var/www/html/throwback16/blog/index.php:0
[14-Apr-2017 16:15:51 Europe/Paris] PHP   2. require() /var/www/html/throwback16/blog/index.php:17
[14-Apr-2017 16:15:51 Europe/Paris] PHP   3. require_once() /var/www/html/throwback16/blog/wp-blog-header.php:19
[14-Apr-2017 16:15:51 Europe/Paris] PHP   4. include() /var/www/html/throwback16/blog/wp-includes/template-loader.php:74
[14-Apr-2017 16:15:51 Europe/Paris] PHP   5. get_header() /var/www/html/throwback16/blog/wp-content/themes/fluid/front-page.php:13
[14-Apr-2017 16:15:51 Europe/Paris] PHP   6. locate_template() /var/www/html/throwback16/blog/wp-includes/general-template.php:45
[14-Apr-2017 16:15:51 Europe/Paris] PHP   7. load_template() /var/www/html/throwback16/blog/wp-includes/template.php:643
[14-Apr-2017 16:15:51 Europe/Paris] PHP   8. require_once() /var/www/html/throwback16/blog/wp-includes/template.php:684
[14-Apr-2017 16:15:51 Europe/Paris] PHP   9. FrontController->displayHeaderBlog() /var/www/html/throwback16/blog/wp-content/themes/fluid/header.php:38
[14-Apr-2017 16:15:51 Europe/Paris] PHP  10. HookCore::exec() /var/www/html/throwback16/override/classes/controller/FrontController.php:63
[14-Apr-2017 16:15:51 Europe/Paris] PHP  11. ModuleCore::getInstanceByName() /var/www/html/throwback16/classes/Hook.php:522
[14-Apr-2017 16:15:51 Europe/Paris] PHP  12. ModuleCore::coreLoadModule() /var/www/html/throwback16/classes/module/Module.php:1107
[14-Apr-2017 16:15:51 Europe/Paris] PHP  13. include_once() /var/www/html/throwback16/classes/module/Module.php:1129
[14-Apr-2017 16:16:02 Europe/Paris] PHP Fatal error:  Cannot redeclare bloginfo() (previously declared in /var/www/html/throwback16/blog/wp-includes/general-template.php:595) in /var/www/html/throwback16/modules/revsliderprestashop/revprestashoploader.php on line 102
[14-Apr-2017 16:16:02 Europe/Paris] PHP Stack trace:
[14-Apr-2017 16:16:02 Europe/Paris] PHP   1. {main}() /var/www/html/throwback16/blog/index.php:0
[14-Apr-2017 16:16:02 Europe/Paris] PHP   2. require() /var/www/html/throwback16/blog/index.php:17
[14-Apr-2017 16:16:02 Europe/Paris] PHP   3. require_once() /var/www/html/throwback16/blog/wp-blog-header.php:19
[14-Apr-2017 16:16:02 Europe/Paris] PHP   4. include() /var/www/html/throwback16/blog/wp-includes/template-loader.php:74
[14-Apr-2017 16:16:02 Europe/Paris] PHP   5. load_template() /var/www/html/throwback16/blog/wp-content/themes/fluid/rudnes.php:8
[14-Apr-2017 16:16:02 Europe/Paris] PHP   6. require_once() /var/www/html/throwback16/blog/wp-includes/template.php:684
[14-Apr-2017 16:16:02 Europe/Paris] PHP   7. get_header() /var/www/html/throwback16/blog/wp-content/themes/fluid/front-page-rudness.php:13
[14-Apr-2017 16:16:02 Europe/Paris] PHP   8. locate_template() /var/www/html/throwback16/blog/wp-includes/general-template.php:45
[14-Apr-2017 16:16:02 Europe/Paris] PHP   9. load_template() /var/www/html/throwback16/blog/wp-includes/template.php:643
[14-Apr-2017 16:16:02 Europe/Paris] PHP  10. require_once() /var/www/html/throwback16/blog/wp-includes/template.php:684
[14-Apr-2017 16:16:02 Europe/Paris] PHP  11. FrontController->displayHeaderBlog() /var/www/html/throwback16/blog/wp-content/themes/fluid/header.php:38
[14-Apr-2017 16:16:02 Europe/Paris] PHP  12. HookCore::exec() /var/www/html/throwback16/override/classes/controller/FrontController.php:63
[14-Apr-2017 16:16:02 Europe/Paris] PHP  13. ModuleCore::getInstanceByName() /var/www/html/throwback16/classes/Hook.php:522
[14-Apr-2017 16:16:02 Europe/Paris] PHP  14. ModuleCore::coreLoadModule() /var/www/html/throwback16/classes/module/Module.php:1107
[14-Apr-2017 16:16:02 Europe/Paris] PHP  15. include_once() /var/www/html/throwback16/classes/module/Module.php:1129
[18-Apr-2017 11:37:21 Europe/Paris] PHP Fatal error:  Cannot redeclare is_ssl() (previously declared in /var/www/html/throwback16/blog/wp-includes/load.php:967) in /var/www/html/throwback16/modules/revsliderprestashop/revprestashoploader.php on line 112
[18-Apr-2017 11:37:21 Europe/Paris] PHP Stack trace:
[18-Apr-2017 11:37:21 Europe/Paris] PHP   1. {main}() /var/www/html/throwback16/blog/index.php:0
[18-Apr-2017 11:37:21 Europe/Paris] PHP   2. require() /var/www/html/throwback16/blog/index.php:17
[18-Apr-2017 11:37:21 Europe/Paris] PHP   3. require_once() /var/www/html/throwback16/blog/wp-blog-header.php:19
[18-Apr-2017 11:37:21 Europe/Paris] PHP   4. include() /var/www/html/throwback16/blog/wp-includes/template-loader.php:74
[18-Apr-2017 11:37:21 Europe/Paris] PHP   5. get_header() /var/www/html/throwback16/blog/wp-content/themes/fluid/front-page.php:13
[18-Apr-2017 11:37:21 Europe/Paris] PHP   6. locate_template() /var/www/html/throwback16/blog/wp-includes/general-template.php:45
[18-Apr-2017 11:37:21 Europe/Paris] PHP   7. load_template() /var/www/html/throwback16/blog/wp-includes/template.php:643
[18-Apr-2017 11:37:21 Europe/Paris] PHP   8. require_once() /var/www/html/throwback16/blog/wp-includes/template.php:684
[18-Apr-2017 11:37:21 Europe/Paris] PHP   9. FrontController->displayHeaderBlog() /var/www/html/throwback16/blog/wp-content/themes/fluid/header.php:38
[18-Apr-2017 11:37:21 Europe/Paris] PHP  10. HookCore::exec() /var/www/html/throwback16/override/classes/controller/FrontController.php:63
[18-Apr-2017 11:37:21 Europe/Paris] PHP  11. ModuleCore::getInstanceByName() /var/www/html/throwback16/classes/Hook.php:522
[18-Apr-2017 11:37:21 Europe/Paris] PHP  12. ModuleCore::coreLoadModule() /var/www/html/throwback16/classes/module/Module.php:1107
[18-Apr-2017 11:37:21 Europe/Paris] PHP  13. include_once() /var/www/html/throwback16/classes/module/Module.php:1129
[18-Apr-2017 11:52:26 Europe/Paris] PHP Fatal error:  Cannot redeclare is_ssl() (previously declared in /var/www/html/throwback16/blog/wp-includes/load.php:967) in /var/www/html/throwback16/modules/revsliderprestashop/revprestashoploader.php on line 112
[18-Apr-2017 11:52:26 Europe/Paris] PHP Stack trace:
[18-Apr-2017 11:52:26 Europe/Paris] PHP   1. {main}() /var/www/html/throwback16/blog/index.php:0
[18-Apr-2017 11:52:26 Europe/Paris] PHP   2. require() /var/www/html/throwback16/blog/index.php:17
[18-Apr-2017 11:52:26 Europe/Paris] PHP   3. require_once() /var/www/html/throwback16/blog/wp-blog-header.php:19
[18-Apr-2017 11:52:26 Europe/Paris] PHP   4. include() /var/www/html/throwback16/blog/wp-includes/template-loader.php:74
[18-Apr-2017 11:52:26 Europe/Paris] PHP   5. get_header() /var/www/html/throwback16/blog/wp-content/themes/fluid/front-page.php:13
[18-Apr-2017 11:52:26 Europe/Paris] PHP   6. locate_template() /var/www/html/throwback16/blog/wp-includes/general-template.php:45
[18-Apr-2017 11:52:26 Europe/Paris] PHP   7. load_template() /var/www/html/throwback16/blog/wp-includes/template.php:643
[18-Apr-2017 11:52:26 Europe/Paris] PHP   8. require_once() /var/www/html/throwback16/blog/wp-includes/template.php:684
[18-Apr-2017 11:52:26 Europe/Paris] PHP   9. FrontController->displayHeaderBlog() /var/www/html/throwback16/blog/wp-content/themes/fluid/header.php:38
[18-Apr-2017 11:52:26 Europe/Paris] PHP  10. HookCore::exec() /var/www/html/throwback16/override/classes/controller/FrontController.php:63
[18-Apr-2017 11:52:26 Europe/Paris] PHP  11. ModuleCore::getInstanceByName() /var/www/html/throwback16/classes/Hook.php:522
[18-Apr-2017 11:52:26 Europe/Paris] PHP  12. ModuleCore::coreLoadModule() /var/www/html/throwback16/classes/module/Module.php:1107
[18-Apr-2017 11:52:26 Europe/Paris] PHP  13. include_once() /var/www/html/throwback16/classes/module/Module.php:1129
[18-Apr-2017 11:52:34 Europe/Paris] PHP Fatal error:  Cannot redeclare is_ssl() (previously declared in /var/www/html/throwback16/blog/wp-includes/load.php:967) in /var/www/html/throwback16/modules/revsliderprestashop/revprestashoploader.php on line 112
[18-Apr-2017 11:52:34 Europe/Paris] PHP Stack trace:
[18-Apr-2017 11:52:34 Europe/Paris] PHP   1. {main}() /var/www/html/throwback16/blog/index.php:0
[18-Apr-2017 11:52:34 Europe/Paris] PHP   2. require() /var/www/html/throwback16/blog/index.php:17
[18-Apr-2017 11:52:34 Europe/Paris] PHP   3. require_once() /var/www/html/throwback16/blog/wp-blog-header.php:19
[18-Apr-2017 11:52:34 Europe/Paris] PHP   4. include() /var/www/html/throwback16/blog/wp-includes/template-loader.php:74
[18-Apr-2017 11:52:34 Europe/Paris] PHP   5. get_header() /var/www/html/throwback16/blog/wp-content/themes/fluid/front-page.php:13
[18-Apr-2017 11:52:34 Europe/Paris] PHP   6. locate_template() /var/www/html/throwback16/blog/wp-includes/general-template.php:45
[18-Apr-2017 11:52:34 Europe/Paris] PHP   7. load_template() /var/www/html/throwback16/blog/wp-includes/template.php:643
[18-Apr-2017 11:52:34 Europe/Paris] PHP   8. require_once() /var/www/html/throwback16/blog/wp-includes/template.php:684
[18-Apr-2017 11:52:34 Europe/Paris] PHP   9. FrontController->displayHeaderBlog() /var/www/html/throwback16/blog/wp-content/themes/fluid/header.php:38
[18-Apr-2017 11:52:34 Europe/Paris] PHP  10. HookCore::exec() /var/www/html/throwback16/override/classes/controller/FrontController.php:63
[18-Apr-2017 11:52:34 Europe/Paris] PHP  11. ModuleCore::getInstanceByName() /var/www/html/throwback16/classes/Hook.php:522
[18-Apr-2017 11:52:34 Europe/Paris] PHP  12. ModuleCore::coreLoadModule() /var/www/html/throwback16/classes/module/Module.php:1107
[18-Apr-2017 11:52:34 Europe/Paris] PHP  13. include_once() /var/www/html/throwback16/classes/module/Module.php:1129
[18-Apr-2017 11:52:40 Europe/Paris] PHP Fatal error:  Cannot redeclare is_ssl() (previously declared in /var/www/html/throwback16/blog/wp-includes/load.php:967) in /var/www/html/throwback16/modules/revsliderprestashop/revprestashoploader.php on line 112
[18-Apr-2017 11:52:40 Europe/Paris] PHP Stack trace:
[18-Apr-2017 11:52:40 Europe/Paris] PHP   1. {main}() /var/www/html/throwback16/blog/index.php:0
[18-Apr-2017 11:52:40 Europe/Paris] PHP   2. require() /var/www/html/throwback16/blog/index.php:17
[18-Apr-2017 11:52:40 Europe/Paris] PHP   3. require_once() /var/www/html/throwback16/blog/wp-blog-header.php:19
[18-Apr-2017 11:52:40 Europe/Paris] PHP   4. include() /var/www/html/throwback16/blog/wp-includes/template-loader.php:74
[18-Apr-2017 11:52:40 Europe/Paris] PHP   5. load_template() /var/www/html/throwback16/blog/wp-content/themes/fluid/rudnes.php:8
[18-Apr-2017 11:52:40 Europe/Paris] PHP   6. require_once() /var/www/html/throwback16/blog/wp-includes/template.php:684
[18-Apr-2017 11:52:40 Europe/Paris] PHP   7. get_header() /var/www/html/throwback16/blog/wp-content/themes/fluid/front-page-rudness.php:13
[18-Apr-2017 11:52:40 Europe/Paris] PHP   8. locate_template() /var/www/html/throwback16/blog/wp-includes/general-template.php:45
[18-Apr-2017 11:52:40 Europe/Paris] PHP   9. load_template() /var/www/html/throwback16/blog/wp-includes/template.php:643
[18-Apr-2017 11:52:40 Europe/Paris] PHP  10. require_once() /var/www/html/throwback16/blog/wp-includes/template.php:684
[18-Apr-2017 11:52:40 Europe/Paris] PHP  11. FrontController->displayHeaderBlog() /var/www/html/throwback16/blog/wp-content/themes/fluid/header.php:38
[18-Apr-2017 11:52:40 Europe/Paris] PHP  12. HookCore::exec() /var/www/html/throwback16/override/classes/controller/FrontController.php:63
[18-Apr-2017 11:52:40 Europe/Paris] PHP  13. ModuleCore::getInstanceByName() /var/www/html/throwback16/classes/Hook.php:522
[18-Apr-2017 11:52:40 Europe/Paris] PHP  14. ModuleCore::coreLoadModule() /var/www/html/throwback16/classes/module/Module.php:1107
[18-Apr-2017 11:52:40 Europe/Paris] PHP  15. include_once() /var/www/html/throwback16/classes/module/Module.php:1129
[18-Apr-2017 12:17:34 Europe/Paris] PHP Fatal error:  Cannot redeclare is_ssl() (previously declared in /var/www/html/throwback16/blog/wp-includes/load.php:967) in /var/www/html/throwback16/modules/revsliderprestashop/revprestashoploader.php on line 112
[18-Apr-2017 12:17:34 Europe/Paris] PHP Stack trace:
[18-Apr-2017 12:17:34 Europe/Paris] PHP   1. {main}() /var/www/html/throwback16/blog/index.php:0
[18-Apr-2017 12:17:34 Europe/Paris] PHP   2. require() /var/www/html/throwback16/blog/index.php:17
[18-Apr-2017 12:17:34 Europe/Paris] PHP   3. require_once() /var/www/html/throwback16/blog/wp-blog-header.php:19
[18-Apr-2017 12:17:34 Europe/Paris] PHP   4. include() /var/www/html/throwback16/blog/wp-includes/template-loader.php:74
[18-Apr-2017 12:17:34 Europe/Paris] PHP   5. get_header() /var/www/html/throwback16/blog/wp-content/themes/fluid/front-page.php:13
[18-Apr-2017 12:17:34 Europe/Paris] PHP   6. locate_template() /var/www/html/throwback16/blog/wp-includes/general-template.php:45
[18-Apr-2017 12:17:34 Europe/Paris] PHP   7. load_template() /var/www/html/throwback16/blog/wp-includes/template.php:643
[18-Apr-2017 12:17:34 Europe/Paris] PHP   8. require_once() /var/www/html/throwback16/blog/wp-includes/template.php:684
[18-Apr-2017 12:17:34 Europe/Paris] PHP   9. FrontController->displayHeaderBlog() /var/www/html/throwback16/blog/wp-content/themes/fluid/header.php:38
[18-Apr-2017 12:17:34 Europe/Paris] PHP  10. HookCore::exec() /var/www/html/throwback16/override/classes/controller/FrontController.php:63
[18-Apr-2017 12:17:34 Europe/Paris] PHP  11. ModuleCore::getInstanceByName() /var/www/html/throwback16/classes/Hook.php:522
[18-Apr-2017 12:17:34 Europe/Paris] PHP  12. ModuleCore::coreLoadModule() /var/www/html/throwback16/classes/module/Module.php:1107
[18-Apr-2017 12:17:34 Europe/Paris] PHP  13. include_once() /var/www/html/throwback16/classes/module/Module.php:1129
[18-Apr-2017 16:59:24 Europe/Paris] PHP Fatal error:  Cannot redeclare is_ssl() (previously declared in /var/www/html/throwback16/blog/wp-includes/load.php:967) in /var/www/html/throwback16/modules/revsliderprestashop/revprestashoploader.php on line 112
[18-Apr-2017 16:59:24 Europe/Paris] PHP Stack trace:
[18-Apr-2017 16:59:24 Europe/Paris] PHP   1. {main}() /var/www/html/throwback16/blog/index.php:0
[18-Apr-2017 16:59:24 Europe/Paris] PHP   2. require() /var/www/html/throwback16/blog/index.php:17
[18-Apr-2017 16:59:24 Europe/Paris] PHP   3. require_once() /var/www/html/throwback16/blog/wp-blog-header.php:19
[18-Apr-2017 16:59:24 Europe/Paris] PHP   4. include() /var/www/html/throwback16/blog/wp-includes/template-loader.php:74
[18-Apr-2017 16:59:24 Europe/Paris] PHP   5. get_header() /var/www/html/throwback16/blog/wp-content/themes/fluid/front-page.php:13
[18-Apr-2017 16:59:24 Europe/Paris] PHP   6. locate_template() /var/www/html/throwback16/blog/wp-includes/general-template.php:45
[18-Apr-2017 16:59:24 Europe/Paris] PHP   7. load_template() /var/www/html/throwback16/blog/wp-includes/template.php:643
[18-Apr-2017 16:59:24 Europe/Paris] PHP   8. require_once() /var/www/html/throwback16/blog/wp-includes/template.php:684
[18-Apr-2017 16:59:24 Europe/Paris] PHP   9. FrontController->displayHeaderBlog() /var/www/html/throwback16/blog/wp-content/themes/fluid/header.php:38
[18-Apr-2017 16:59:24 Europe/Paris] PHP  10. HookCore::exec() /var/www/html/throwback16/override/classes/controller/FrontController.php:63
[18-Apr-2017 16:59:24 Europe/Paris] PHP  11. ModuleCore::getInstanceByName() /var/www/html/throwback16/classes/Hook.php:522
[18-Apr-2017 16:59:24 Europe/Paris] PHP  12. ModuleCore::coreLoadModule() /var/www/html/throwback16/classes/module/Module.php:1107
[18-Apr-2017 16:59:24 Europe/Paris] PHP  13. include_once() /var/www/html/throwback16/classes/module/Module.php:1129
[18-Apr-2017 17:00:11 Europe/Paris] PHP Fatal error:  Cannot redeclare is_ssl() (previously declared in /var/www/html/throwback16/blog/wp-includes/load.php:967) in /var/www/html/throwback16/modules/revsliderprestashop/revprestashoploader.php on line 112
[18-Apr-2017 17:00:11 Europe/Paris] PHP Stack trace:
[18-Apr-2017 17:00:11 Europe/Paris] PHP   1. {main}() /var/www/html/throwback16/blog/index.php:0
[18-Apr-2017 17:00:11 Europe/Paris] PHP   2. require() /var/www/html/throwback16/blog/index.php:17
[18-Apr-2017 17:00:11 Europe/Paris] PHP   3. require_once() /var/www/html/throwback16/blog/wp-blog-header.php:19
[18-Apr-2017 17:00:11 Europe/Paris] PHP   4. include() /var/www/html/throwback16/blog/wp-includes/template-loader.php:74
[18-Apr-2017 17:00:11 Europe/Paris] PHP   5. get_header() /var/www/html/throwback16/blog/wp-content/themes/fluid/front-page.php:13
[18-Apr-2017 17:00:11 Europe/Paris] PHP   6. locate_template() /var/www/html/throwback16/blog/wp-includes/general-template.php:45
[18-Apr-2017 17:00:11 Europe/Paris] PHP   7. load_template() /var/www/html/throwback16/blog/wp-includes/template.php:643
[18-Apr-2017 17:00:11 Europe/Paris] PHP   8. require_once() /var/www/html/throwback16/blog/wp-includes/template.php:684
[18-Apr-2017 17:00:11 Europe/Paris] PHP   9. FrontController->displayHeaderBlog() /var/www/html/throwback16/blog/wp-content/themes/fluid/header.php:38
[18-Apr-2017 17:00:11 Europe/Paris] PHP  10. HookCore::exec() /var/www/html/throwback16/override/classes/controller/FrontController.php:63
[18-Apr-2017 17:00:11 Europe/Paris] PHP  11. ModuleCore::getInstanceByName() /var/www/html/throwback16/classes/Hook.php:522
[18-Apr-2017 17:00:11 Europe/Paris] PHP  12. ModuleCore::coreLoadModule() /var/www/html/throwback16/classes/module/Module.php:1107
[18-Apr-2017 17:00:11 Europe/Paris] PHP  13. include_once() /var/www/html/throwback16/classes/module/Module.php:1129
[18-Apr-2017 17:00:19 Europe/Paris] PHP Fatal error:  Cannot redeclare is_ssl() (previously declared in /var/www/html/throwback16/blog/wp-includes/load.php:967) in /var/www/html/throwback16/modules/revsliderprestashop/revprestashoploader.php on line 112
[18-Apr-2017 17:00:19 Europe/Paris] PHP Stack trace:
[18-Apr-2017 17:00:19 Europe/Paris] PHP   1. {main}() /var/www/html/throwback16/blog/index.php:0
[18-Apr-2017 17:00:19 Europe/Paris] PHP   2. require() /var/www/html/throwback16/blog/index.php:17
[18-Apr-2017 17:00:19 Europe/Paris] PHP   3. require_once() /var/www/html/throwback16/blog/wp-blog-header.php:19
[18-Apr-2017 17:00:19 Europe/Paris] PHP   4. include() /var/www/html/throwback16/blog/wp-includes/template-loader.php:74
[18-Apr-2017 17:00:19 Europe/Paris] PHP   5. get_header() /var/www/html/throwback16/blog/wp-content/themes/fluid/front-page.php:13
[18-Apr-2017 17:00:19 Europe/Paris] PHP   6. locate_template() /var/www/html/throwback16/blog/wp-includes/general-template.php:45
[18-Apr-2017 17:00:19 Europe/Paris] PHP   7. load_template() /var/www/html/throwback16/blog/wp-includes/template.php:643
[18-Apr-2017 17:00:19 Europe/Paris] PHP   8. require_once() /var/www/html/throwback16/blog/wp-includes/template.php:684
[18-Apr-2017 17:00:19 Europe/Paris] PHP   9. FrontController->displayHeaderBlog() /var/www/html/throwback16/blog/wp-content/themes/fluid/header.php:38
[18-Apr-2017 17:00:19 Europe/Paris] PHP  10. HookCore::exec() /var/www/html/throwback16/override/classes/controller/FrontController.php:63
[18-Apr-2017 17:00:19 Europe/Paris] PHP  11. ModuleCore::getInstanceByName() /var/www/html/throwback16/classes/Hook.php:522
[18-Apr-2017 17:00:19 Europe/Paris] PHP  12. ModuleCore::coreLoadModule() /var/www/html/throwback16/classes/module/Module.php:1107
[18-Apr-2017 17:00:19 Europe/Paris] PHP  13. include_once() /var/www/html/throwback16/classes/module/Module.php:1129
[18-Apr-2017 17:00:56 Europe/Paris] PHP Notice:  Undefined index: product in /var/www/html/throwback16/cache/smarty/compile/2d/00/5d/2d005d367cd0b1b74afdb35e3fc4cf717a391955.file.blockcart.tpl.php on line 382
[18-Apr-2017 17:00:56 Europe/Paris] PHP Stack trace:
[18-Apr-2017 17:00:56 Europe/Paris] PHP   1. {main}() /var/www/html/throwback16/blog/index.php:0
[18-Apr-2017 17:00:56 Europe/Paris] PHP   2. require() /var/www/html/throwback16/blog/index.php:17
[18-Apr-2017 17:00:56 Europe/Paris] PHP   3. require_once() /var/www/html/throwback16/blog/wp-blog-header.php:19
[18-Apr-2017 17:00:56 Europe/Paris] PHP   4. include() /var/www/html/throwback16/blog/wp-includes/template-loader.php:74
[18-Apr-2017 17:00:56 Europe/Paris] PHP   5. get_header() /var/www/html/throwback16/blog/wp-content/themes/fluid/front-page.php:13
[18-Apr-2017 17:00:56 Europe/Paris] PHP   6. locate_template() /var/www/html/throwback16/blog/wp-includes/general-template.php:45
[18-Apr-2017 17:00:56 Europe/Paris] PHP   7. load_template() /var/www/html/throwback16/blog/wp-includes/template.php:643
[18-Apr-2017 17:00:56 Europe/Paris] PHP   8. require_once() /var/www/html/throwback16/blog/wp-includes/template.php:684
[18-Apr-2017 17:00:56 Europe/Paris] PHP   9. FrontController->displayHeaderBlog() /var/www/html/throwback16/blog/wp-content/themes/fluid/header.php:38
[18-Apr-2017 17:00:56 Europe/Paris] PHP  10. HookCore::exec() /var/www/html/throwback16/override/classes/controller/FrontController.php:79
[18-Apr-2017 17:00:56 Europe/Paris] PHP  11. HookCore::coreCallHook() /var/www/html/throwback16/classes/Hook.php:544
[18-Apr-2017 17:00:56 Europe/Paris] PHP  12. BlockCart->hookTop() /var/www/html/throwback16/classes/Hook.php:587
[18-Apr-2017 17:00:56 Europe/Paris] PHP  13. BlockCart->hookRightColumn() /var/www/html/throwback16/modules/blockcart/blockcart.php:265
[18-Apr-2017 17:00:56 Europe/Paris] PHP  14. ModuleCore->display() /var/www/html/throwback16/modules/blockcart/blockcart.php:213
[18-Apr-2017 17:00:56 Europe/Paris] PHP  15. Smarty_Custom_Template->fetch() /var/www/html/throwback16/classes/module/Module.php:2309
[18-Apr-2017 17:00:56 Europe/Paris] PHP  16. Smarty_Internal_TemplateBase->fetch() /var/www/html/throwback16/classes/SmartyCustom.php:317
[18-Apr-2017 17:00:56 Europe/Paris] PHP  17. content_58eb860fa743f5_71634835() /var/www/html/throwback16/tools/smarty/sysplugins/smarty_internal_templatebase.php:188
[18-Apr-2017 17:00:56 Europe/Paris] PHP Notice:  Trying to get property of non-object in /var/www/html/throwback16/cache/smarty/compile/2d/00/5d/2d005d367cd0b1b74afdb35e3fc4cf717a391955.file.blockcart.tpl.php on line 382
[18-Apr-2017 17:00:56 Europe/Paris] PHP Stack trace:
[18-Apr-2017 17:00:56 Europe/Paris] PHP   1. {main}() /var/www/html/throwback16/blog/index.php:0
[18-Apr-2017 17:00:56 Europe/Paris] PHP   2. require() /var/www/html/throwback16/blog/index.php:17
[18-Apr-2017 17:00:56 Europe/Paris] PHP   3. require_once() /var/www/html/throwback16/blog/wp-blog-header.php:19
[18-Apr-2017 17:00:56 Europe/Paris] PHP   4. include() /var/www/html/throwback16/blog/wp-includes/template-loader.php:74
[18-Apr-2017 17:00:56 Europe/Paris] PHP   5. get_header() /var/www/html/throwback16/blog/wp-content/themes/fluid/front-page.php:13
[18-Apr-2017 17:00:56 Europe/Paris] PHP   6. locate_template() /var/www/html/throwback16/blog/wp-includes/general-template.php:45
[18-Apr-2017 17:00:56 Europe/Paris] PHP   7. load_template() /var/www/html/throwback16/blog/wp-includes/template.php:643
[18-Apr-2017 17:00:56 Europe/Paris] PHP   8. require_once() /var/www/html/throwback16/blog/wp-includes/template.php:684
[18-Apr-2017 17:00:56 Europe/Paris] PHP   9. FrontController->displayHeaderBlog() /var/www/html/throwback16/blog/wp-content/themes/fluid/header.php:38
[18-Apr-2017 17:00:56 Europe/Paris] PHP  10. HookCore::exec() /var/www/html/throwback16/override/classes/controller/FrontController.php:79
[18-Apr-2017 17:00:56 Europe/Paris] PHP  11. HookCore::coreCallHook() /var/www/html/throwback16/classes/Hook.php:544
[18-Apr-2017 17:00:56 Europe/Paris] PHP  12. BlockCart->hookTop() /var/www/html/throwback16/classes/Hook.php:587
[18-Apr-2017 17:00:56 Europe/Paris] PHP  13. BlockCart->hookRightColumn() /var/www/html/throwback16/modules/blockcart/blockcart.php:265
[18-Apr-2017 17:00:56 Europe/Paris] PHP  14. ModuleCore->display() /var/www/html/throwback16/modules/blockcart/blockcart.php:213
[18-Apr-2017 17:00:56 Europe/Paris] PHP  15. Smarty_Custom_Template->fetch() /var/www/html/throwback16/classes/module/Module.php:2309
[18-Apr-2017 17:00:56 Europe/Paris] PHP  16. Smarty_Internal_TemplateBase->fetch() /var/www/html/throwback16/classes/SmartyCustom.php:317
[18-Apr-2017 17:00:56 Europe/Paris] PHP  17. content_58eb860fa743f5_71634835() /var/www/html/throwback16/tools/smarty/sysplugins/smarty_internal_templatebase.php:188
[18-Apr-2017 17:00:57 Europe/Paris] PHP Fatal error:  Cannot redeclare is_ssl() (previously declared in /var/www/html/throwback16/blog/wp-includes/load.php:967) in /var/www/html/throwback16/modules/revsliderprestashop/revprestashoploader.php on line 112
[18-Apr-2017 17:00:57 Europe/Paris] PHP Stack trace:
[18-Apr-2017 17:00:57 Europe/Paris] PHP   1. {main}() /var/www/html/throwback16/blog/index.php:0
[18-Apr-2017 17:00:57 Europe/Paris] PHP   2. require() /var/www/html/throwback16/blog/index.php:17
[18-Apr-2017 17:00:57 Europe/Paris] PHP   3. require_once() /var/www/html/throwback16/blog/wp-blog-header.php:19
[18-Apr-2017 17:00:57 Europe/Paris] PHP   4. include() /var/www/html/throwback16/blog/wp-includes/template-loader.php:74
[18-Apr-2017 17:00:57 Europe/Paris] PHP   5. get_header() /var/www/html/throwback16/blog/wp-content/themes/fluid/front-page.php:13
[18-Apr-2017 17:00:57 Europe/Paris] PHP   6. locate_template() /var/www/html/throwback16/blog/wp-includes/general-template.php:45
[18-Apr-2017 17:00:57 Europe/Paris] PHP   7. load_template() /var/www/html/throwback16/blog/wp-includes/template.php:643
[18-Apr-2017 17:00:57 Europe/Paris] PHP   8. require_once() /var/www/html/throwback16/blog/wp-includes/template.php:684
[18-Apr-2017 17:00:57 Europe/Paris] PHP   9. FrontController->displayHeaderBlog() /var/www/html/throwback16/blog/wp-content/themes/fluid/header.php:38
[18-Apr-2017 17:00:57 Europe/Paris] PHP  10. HookCore::exec() /var/www/html/throwback16/override/classes/controller/FrontController.php:82
[18-Apr-2017 17:00:57 Europe/Paris] PHP  11. ModuleCore::getInstanceByName() /var/www/html/throwback16/classes/Hook.php:522
[18-Apr-2017 17:00:57 Europe/Paris] PHP  12. ModuleCore::coreLoadModule() /var/www/html/throwback16/classes/module/Module.php:1107
[18-Apr-2017 17:00:57 Europe/Paris] PHP  13. include_once() /var/www/html/throwback16/classes/module/Module.php:1129
[18-Apr-2017 17:01:34 Europe/Paris] PHP Notice:  Undefined index: product in /var/www/html/throwback16/cache/smarty/compile/2d/00/5d/2d005d367cd0b1b74afdb35e3fc4cf717a391955.file.blockcart.tpl.php on line 382
[18-Apr-2017 17:01:34 Europe/Paris] PHP Stack trace:
[18-Apr-2017 17:01:34 Europe/Paris] PHP   1. {main}() /var/www/html/throwback16/blog/index.php:0
[18-Apr-2017 17:01:34 Europe/Paris] PHP   2. require() /var/www/html/throwback16/blog/index.php:17
[18-Apr-2017 17:01:34 Europe/Paris] PHP   3. require_once() /var/www/html/throwback16/blog/wp-blog-header.php:19
[18-Apr-2017 17:01:34 Europe/Paris] PHP   4. include() /var/www/html/throwback16/blog/wp-includes/template-loader.php:74
[18-Apr-2017 17:01:34 Europe/Paris] PHP   5. get_header() /var/www/html/throwback16/blog/wp-content/themes/fluid/front-page.php:13
[18-Apr-2017 17:01:34 Europe/Paris] PHP   6. locate_template() /var/www/html/throwback16/blog/wp-includes/general-template.php:45
[18-Apr-2017 17:01:34 Europe/Paris] PHP   7. load_template() /var/www/html/throwback16/blog/wp-includes/template.php:643
[18-Apr-2017 17:01:34 Europe/Paris] PHP   8. require_once() /var/www/html/throwback16/blog/wp-includes/template.php:684
[18-Apr-2017 17:01:34 Europe/Paris] PHP   9. FrontController->displayHeaderBlog() /var/www/html/throwback16/blog/wp-content/themes/fluid/header.php:38
[18-Apr-2017 17:01:34 Europe/Paris] PHP  10. HookCore::exec() /var/www/html/throwback16/override/classes/controller/FrontController.php:79
[18-Apr-2017 17:01:34 Europe/Paris] PHP  11. HookCore::coreCallHook() /var/www/html/throwback16/classes/Hook.php:544
[18-Apr-2017 17:01:34 Europe/Paris] PHP  12. BlockCart->hookTop() /var/www/html/throwback16/classes/Hook.php:587
[18-Apr-2017 17:01:34 Europe/Paris] PHP  13. BlockCart->hookRightColumn() /var/www/html/throwback16/modules/blockcart/blockcart.php:265
[18-Apr-2017 17:01:34 Europe/Paris] PHP  14. ModuleCore->display() /var/www/html/throwback16/modules/blockcart/blockcart.php:213
[18-Apr-2017 17:01:34 Europe/Paris] PHP  15. Smarty_Custom_Template->fetch() /var/www/html/throwback16/classes/module/Module.php:2309
[18-Apr-2017 17:01:34 Europe/Paris] PHP  16. Smarty_Internal_TemplateBase->fetch() /var/www/html/throwback16/classes/SmartyCustom.php:317
[18-Apr-2017 17:01:34 Europe/Paris] PHP  17. content_58eb860fa743f5_71634835() /var/www/html/throwback16/tools/smarty/sysplugins/smarty_internal_templatebase.php:188
[18-Apr-2017 17:01:34 Europe/Paris] PHP Notice:  Trying to get property of non-object in /var/www/html/throwback16/cache/smarty/compile/2d/00/5d/2d005d367cd0b1b74afdb35e3fc4cf717a391955.file.blockcart.tpl.php on line 382
[18-Apr-2017 17:01:34 Europe/Paris] PHP Stack trace:
[18-Apr-2017 17:01:34 Europe/Paris] PHP   1. {main}() /var/www/html/throwback16/blog/index.php:0
[18-Apr-2017 17:01:34 Europe/Paris] PHP   2. require() /var/www/html/throwback16/blog/index.php:17
[18-Apr-2017 17:01:34 Europe/Paris] PHP   3. require_once() /var/www/html/throwback16/blog/wp-blog-header.php:19
[18-Apr-2017 17:01:34 Europe/Paris] PHP   4. include() /var/www/html/throwback16/blog/wp-includes/template-loader.php:74
[18-Apr-2017 17:01:34 Europe/Paris] PHP   5. get_header() /var/www/html/throwback16/blog/wp-content/themes/fluid/front-page.php:13
[18-Apr-2017 17:01:34 Europe/Paris] PHP   6. locate_template() /var/www/html/throwback16/blog/wp-includes/general-template.php:45
[18-Apr-2017 17:01:34 Europe/Paris] PHP   7. load_template() /var/www/html/throwback16/blog/wp-includes/template.php:643
[18-Apr-2017 17:01:34 Europe/Paris] PHP   8. require_once() /var/www/html/throwback16/blog/wp-includes/template.php:684
[18-Apr-2017 17:01:34 Europe/Paris] PHP   9. FrontController->displayHeaderBlog() /var/www/html/throwback16/blog/wp-content/themes/fluid/header.php:38
[18-Apr-2017 17:01:34 Europe/Paris] PHP  10. HookCore::exec() /var/www/html/throwback16/override/classes/controller/FrontController.php:79
[18-Apr-2017 17:01:34 Europe/Paris] PHP  11. HookCore::coreCallHook() /var/www/html/throwback16/classes/Hook.php:544
[18-Apr-2017 17:01:34 Europe/Paris] PHP  12. BlockCart->hookTop() /var/www/html/throwback16/classes/Hook.php:587
[18-Apr-2017 17:01:34 Europe/Paris] PHP  13. BlockCart->hookRightColumn() /var/www/html/throwback16/modules/blockcart/blockcart.php:265
[18-Apr-2017 17:01:34 Europe/Paris] PHP  14. ModuleCore->display() /var/www/html/throwback16/modules/blockcart/blockcart.php:213
[18-Apr-2017 17:01:34 Europe/Paris] PHP  15. Smarty_Custom_Template->fetch() /var/www/html/throwback16/classes/module/Module.php:2309
[18-Apr-2017 17:01:34 Europe/Paris] PHP  16. Smarty_Internal_TemplateBase->fetch() /var/www/html/throwback16/classes/SmartyCustom.php:317
[18-Apr-2017 17:01:34 Europe/Paris] PHP  17. content_58eb860fa743f5_71634835() /var/www/html/throwback16/tools/smarty/sysplugins/smarty_internal_templatebase.php:188
[18-Apr-2017 17:01:34 Europe/Paris] PHP Notice:  Undefined index: step in /var/www/html/throwback16/cache/smarty/compile/29/37/96/293796f58e6c345e59abbb1bf4543809a64b54d3.file.blockcontactinfos.tpl.php on line 33
[18-Apr-2017 17:01:34 Europe/Paris] PHP Stack trace:
[18-Apr-2017 17:01:34 Europe/Paris] PHP   1. {main}() /var/www/html/throwback16/blog/index.php:0
[18-Apr-2017 17:01:34 Europe/Paris] PHP   2. require() /var/www/html/throwback16/blog/index.php:17
[18-Apr-2017 17:01:34 Europe/Paris] PHP   3. require_once() /var/www/html/throwback16/blog/wp-blog-header.php:19
[18-Apr-2017 17:01:34 Europe/Paris] PHP   4. include() /var/www/html/throwback16/blog/wp-includes/template-loader.php:74
[18-Apr-2017 17:01:34 Europe/Paris] PHP   5. get_header() /var/www/html/throwback16/blog/wp-content/themes/fluid/front-page.php:13
[18-Apr-2017 17:01:34 Europe/Paris] PHP   6. locate_template() /var/www/html/throwback16/blog/wp-includes/general-template.php:45
[18-Apr-2017 17:01:34 Europe/Paris] PHP   7. load_template() /var/www/html/throwback16/blog/wp-includes/template.php:643
[18-Apr-2017 17:01:34 Europe/Paris] PHP   8. require_once() /var/www/html/throwback16/blog/wp-includes/template.php:684
[18-Apr-2017 17:01:34 Europe/Paris] PHP   9. FrontController->displayHeaderBlog() /var/www/html/throwback16/blog/wp-content/themes/fluid/header.php:38
[18-Apr-2017 17:01:34 Europe/Paris] PHP  10. ControllerCore->smartyOutputContent() /var/www/html/throwback16/override/classes/controller/FrontController.php:91
[18-Apr-2017 17:01:34 Europe/Paris] PHP  11. SmartyCustomCore->fetch() /var/www/html/throwback16/classes/controller/Controller.php:529
[18-Apr-2017 17:01:34 Europe/Paris] PHP  12. Smarty_Internal_TemplateBase->fetch() /var/www/html/throwback16/classes/SmartyCustom.php:110
[18-Apr-2017 17:01:34 Europe/Paris] PHP  13. content_58f62a4e2d3fa2_21267475() /var/www/html/throwback16/tools/smarty/sysplugins/smarty_internal_templatebase.php:188
[18-Apr-2017 17:01:34 Europe/Paris] PHP  14. SmartyLazyRegister->smartyHook() /var/www/html/throwback16/tools/smarty/sysplugins/smarty_internal_templatebase.php(157) : eval()'d code:95
[18-Apr-2017 17:01:34 Europe/Paris] PHP  15. SmartyLazyRegister->__call() /var/www/html/throwback16/tools/smarty/sysplugins/smarty_internal_templatebase.php(157) : eval()'d code:95
[18-Apr-2017 17:01:34 Europe/Paris] PHP  16. smartyHook() /var/www/html/throwback16/config/smarty.config.inc.php:270
[18-Apr-2017 17:01:34 Europe/Paris] PHP  17. HookCore::exec() /var/www/html/throwback16/config/smarty.config.inc.php:207
[18-Apr-2017 17:01:34 Europe/Paris] PHP  18. HookCore::coreCallHook() /var/www/html/throwback16/classes/Hook.php:542
[18-Apr-2017 17:01:34 Europe/Paris] PHP  19. Blockcontactinfos->hookDisplayNav() /var/www/html/throwback16/classes/Hook.php:587
[18-Apr-2017 17:01:34 Europe/Paris] PHP  20. Blockcontactinfos->hookFooter() /var/www/html/throwback16/modules/blockcontactinfos/blockcontactinfos.php:101
[18-Apr-2017 17:01:34 Europe/Paris] PHP  21. ModuleCore->display() /var/www/html/throwback16/modules/blockcontactinfos/blockcontactinfos.php:96
[18-Apr-2017 17:01:34 Europe/Paris] PHP  22. Smarty_Custom_Template->fetch() /var/www/html/throwback16/classes/module/Module.php:2309
[18-Apr-2017 17:01:34 Europe/Paris] PHP  23. Smarty_Internal_TemplateBase->fetch() /var/www/html/throwback16/classes/SmartyCustom.php:317
[18-Apr-2017 17:01:34 Europe/Paris] PHP  24. content_58eb861034fca8_72768644() /var/www/html/throwback16/tools/smarty/sysplugins/smarty_internal_templatebase.php:188
[18-Apr-2017 17:04:34 Europe/Paris] PHP Notice:  Undefined index: product in /var/www/html/throwback16/cache/smarty/compile/2d/00/5d/2d005d367cd0b1b74afdb35e3fc4cf717a391955.file.blockcart.tpl.php on line 382
[18-Apr-2017 17:04:34 Europe/Paris] PHP Stack trace:
[18-Apr-2017 17:04:34 Europe/Paris] PHP   1. {main}() /var/www/html/throwback16/blog/index.php:0
[18-Apr-2017 17:04:34 Europe/Paris] PHP   2. require() /var/www/html/throwback16/blog/index.php:17
[18-Apr-2017 17:04:34 Europe/Paris] PHP   3. require_once() /var/www/html/throwback16/blog/wp-blog-header.php:19
[18-Apr-2017 17:04:34 Europe/Paris] PHP   4. include() /var/www/html/throwback16/blog/wp-includes/template-loader.php:74
[18-Apr-2017 17:04:34 Europe/Paris] PHP   5. load_template() /var/www/html/throwback16/blog/wp-content/themes/fluid/rudnes.php:8
[18-Apr-2017 17:04:34 Europe/Paris] PHP   6. require_once() /var/www/html/throwback16/blog/wp-includes/template.php:684
[18-Apr-2017 17:04:34 Europe/Paris] PHP   7. get_header() /var/www/html/throwback16/blog/wp-content/themes/fluid/front-page-rudness.php:13
[18-Apr-2017 17:04:34 Europe/Paris] PHP   8. locate_template() /var/www/html/throwback16/blog/wp-includes/general-template.php:45
[18-Apr-2017 17:04:34 Europe/Paris] PHP   9. load_template() /var/www/html/throwback16/blog/wp-includes/template.php:643
[18-Apr-2017 17:04:34 Europe/Paris] PHP  10. require_once() /var/www/html/throwback16/blog/wp-includes/template.php:684
[18-Apr-2017 17:04:34 Europe/Paris] PHP  11. FrontController->displayHeaderBlog() /var/www/html/throwback16/blog/wp-content/themes/fluid/header.php:38
[18-Apr-2017 17:04:34 Europe/Paris] PHP  12. HookCore::exec() /var/www/html/throwback16/override/classes/controller/FrontController.php:79
[18-Apr-2017 17:04:34 Europe/Paris] PHP  13. HookCore::coreCallHook() /var/www/html/throwback16/classes/Hook.php:544
[18-Apr-2017 17:04:34 Europe/Paris] PHP  14. BlockCart->hookTop() /var/www/html/throwback16/classes/Hook.php:587
[18-Apr-2017 17:04:34 Europe/Paris] PHP  15. BlockCart->hookRightColumn() /var/www/html/throwback16/modules/blockcart/blockcart.php:265
[18-Apr-2017 17:04:34 Europe/Paris] PHP  16. ModuleCore->display() /var/www/html/throwback16/modules/blockcart/blockcart.php:213
[18-Apr-2017 17:04:34 Europe/Paris] PHP  17. Smarty_Custom_Template->fetch() /var/www/html/throwback16/classes/module/Module.php:2309
[18-Apr-2017 17:04:34 Europe/Paris] PHP  18. Smarty_Internal_TemplateBase->fetch() /var/www/html/throwback16/classes/SmartyCustom.php:317
[18-Apr-2017 17:04:34 Europe/Paris] PHP  19. content_58eb860fa743f5_71634835() /var/www/html/throwback16/tools/smarty/sysplugins/smarty_internal_templatebase.php:188
[18-Apr-2017 17:04:34 Europe/Paris] PHP Notice:  Trying to get property of non-object in /var/www/html/throwback16/cache/smarty/compile/2d/00/5d/2d005d367cd0b1b74afdb35e3fc4cf717a391955.file.blockcart.tpl.php on line 382
[18-Apr-2017 17:04:34 Europe/Paris] PHP Stack trace:
[18-Apr-2017 17:04:34 Europe/Paris] PHP   1. {main}() /var/www/html/throwback16/blog/index.php:0
[18-Apr-2017 17:04:34 Europe/Paris] PHP   2. require() /var/www/html/throwback16/blog/index.php:17
[18-Apr-2017 17:04:34 Europe/Paris] PHP   3. require_once() /var/www/html/throwback16/blog/wp-blog-header.php:19
[18-Apr-2017 17:04:34 Europe/Paris] PHP   4. include() /var/www/html/throwback16/blog/wp-includes/template-loader.php:74
[18-Apr-2017 17:04:34 Europe/Paris] PHP   5. load_template() /var/www/html/throwback16/blog/wp-content/themes/fluid/rudnes.php:8
[18-Apr-2017 17:04:34 Europe/Paris] PHP   6. require_once() /var/www/html/throwback16/blog/wp-includes/template.php:684
[18-Apr-2017 17:04:34 Europe/Paris] PHP   7. get_header() /var/www/html/throwback16/blog/wp-content/themes/fluid/front-page-rudness.php:13
[18-Apr-2017 17:04:34 Europe/Paris] PHP   8. locate_template() /var/www/html/throwback16/blog/wp-includes/general-template.php:45
[18-Apr-2017 17:04:34 Europe/Paris] PHP   9. load_template() /var/www/html/throwback16/blog/wp-includes/template.php:643
[18-Apr-2017 17:04:34 Europe/Paris] PHP  10. require_once() /var/www/html/throwback16/blog/wp-includes/template.php:684
[18-Apr-2017 17:04:34 Europe/Paris] PHP  11. FrontController->displayHeaderBlog() /var/www/html/throwback16/blog/wp-content/themes/fluid/header.php:38
[18-Apr-2017 17:04:34 Europe/Paris] PHP  12. HookCore::exec() /var/www/html/throwback16/override/classes/controller/FrontController.php:79
[18-Apr-2017 17:04:34 Europe/Paris] PHP  13. HookCore::coreCallHook() /var/www/html/throwback16/classes/Hook.php:544
[18-Apr-2017 17:04:34 Europe/Paris] PHP  14. BlockCart->hookTop() /var/www/html/throwback16/classes/Hook.php:587
[18-Apr-2017 17:04:34 Europe/Paris] PHP  15. BlockCart->hookRightColumn() /var/www/html/throwback16/modules/blockcart/blockcart.php:265
[18-Apr-2017 17:04:34 Europe/Paris] PHP  16. ModuleCore->display() /var/www/html/throwback16/modules/blockcart/blockcart.php:213
[18-Apr-2017 17:04:34 Europe/Paris] PHP  17. Smarty_Custom_Template->fetch() /var/www/html/throwback16/classes/module/Module.php:2309
[18-Apr-2017 17:04:34 Europe/Paris] PHP  18. Smarty_Internal_TemplateBase->fetch() /var/www/html/throwback16/classes/SmartyCustom.php:317
[18-Apr-2017 17:04:34 Europe/Paris] PHP  19. content_58eb860fa743f5_71634835() /var/www/html/throwback16/tools/smarty/sysplugins/smarty_internal_templatebase.php:188
[18-Apr-2017 17:04:34 Europe/Paris] PHP Notice:  Undefined index: step in /var/www/html/throwback16/cache/smarty/compile/29/37/96/293796f58e6c345e59abbb1bf4543809a64b54d3.file.blockcontactinfos.tpl.php on line 33
[18-Apr-2017 17:04:34 Europe/Paris] PHP Stack trace:
[18-Apr-2017 17:04:34 Europe/Paris] PHP   1. {main}() /var/www/html/throwback16/blog/index.php:0
[18-Apr-2017 17:04:34 Europe/Paris] PHP   2. require() /var/www/html/throwback16/blog/index.php:17
[18-Apr-2017 17:04:34 Europe/Paris] PHP   3. require_once() /var/www/html/throwback16/blog/wp-blog-header.php:19
[18-Apr-2017 17:04:34 Europe/Paris] PHP   4. include() /var/www/html/throwback16/blog/wp-includes/template-loader.php:74
[18-Apr-2017 17:04:34 Europe/Paris] PHP   5. load_template() /var/www/html/throwback16/blog/wp-content/themes/fluid/rudnes.php:8
[18-Apr-2017 17:04:34 Europe/Paris] PHP   6. require_once() /var/www/html/throwback16/blog/wp-includes/template.php:684
[18-Apr-2017 17:04:34 Europe/Paris] PHP   7. get_header() /var/www/html/throwback16/blog/wp-content/themes/fluid/front-page-rudness.php:13
[18-Apr-2017 17:04:34 Europe/Paris] PHP   8. locate_template() /var/www/html/throwback16/blog/wp-includes/general-template.php:45
[18-Apr-2017 17:04:34 Europe/Paris] PHP   9. load_template() /var/www/html/throwback16/blog/wp-includes/template.php:643
[18-Apr-2017 17:04:34 Europe/Paris] PHP  10. require_once() /var/www/html/throwback16/blog/wp-includes/template.php:684
[18-Apr-2017 17:04:34 Europe/Paris] PHP  11. FrontController->displayHeaderBlog() /var/www/html/throwback16/blog/wp-content/themes/fluid/header.php:38
[18-Apr-2017 17:04:34 Europe/Paris] PHP  12. ControllerCore->smartyOutputContent() /var/www/html/throwback16/override/classes/controller/FrontController.php:91
[18-Apr-2017 17:04:34 Europe/Paris] PHP  13. SmartyCustomCore->fetch() /var/www/html/throwback16/classes/controller/Controller.php:529
[18-Apr-2017 17:04:34 Europe/Paris] PHP  14. Smarty_Internal_TemplateBase->fetch() /var/www/html/throwback16/classes/SmartyCustom.php:110
[18-Apr-2017 17:04:34 Europe/Paris] PHP  15. content_58f62a4e2d3fa2_21267475() /var/www/html/throwback16/tools/smarty/sysplugins/smarty_internal_templatebase.php:188
[18-Apr-2017 17:04:34 Europe/Paris] PHP  16. SmartyLazyRegister->smartyHook() /var/www/html/throwback16/cache/smarty/compile/73/46/8e/73468e6b1b68feb32ef721b6d4a859527174c0e5.file.header-blog.tpl.php:95
[18-Apr-2017 17:04:34 Europe/Paris] PHP  17. SmartyLazyRegister->__call() /var/www/html/throwback16/cache/smarty/compile/73/46/8e/73468e6b1b68feb32ef721b6d4a859527174c0e5.file.header-blog.tpl.php:95
[18-Apr-2017 17:04:34 Europe/Paris] PHP  18. smartyHook() /var/www/html/throwback16/config/smarty.config.inc.php:270
[18-Apr-2017 17:04:34 Europe/Paris] PHP  19. HookCore::exec() /var/www/html/throwback16/config/smarty.config.inc.php:207
[18-Apr-2017 17:04:34 Europe/Paris] PHP  20. HookCore::coreCallHook() /var/www/html/throwback16/classes/Hook.php:542
[18-Apr-2017 17:04:34 Europe/Paris] PHP  21. Blockcontactinfos->hookDisplayNav() /var/www/html/throwback16/classes/Hook.php:587
[18-Apr-2017 17:04:34 Europe/Paris] PHP  22. Blockcontactinfos->hookFooter() /var/www/html/throwback16/modules/blockcontactinfos/blockcontactinfos.php:101
[18-Apr-2017 17:04:34 Europe/Paris] PHP  23. ModuleCore->display() /var/www/html/throwback16/modules/blockcontactinfos/blockcontactinfos.php:96
[18-Apr-2017 17:04:34 Europe/Paris] PHP  24. Smarty_Custom_Template->fetch() /var/www/html/throwback16/classes/module/Module.php:2309
[18-Apr-2017 17:04:34 Europe/Paris] PHP  25. Smarty_Internal_TemplateBase->fetch() /var/www/html/throwback16/classes/SmartyCustom.php:317
[18-Apr-2017 17:04:34 Europe/Paris] PHP  26. content_58eb861034fca8_72768644() /var/www/html/throwback16/tools/smarty/sysplugins/smarty_internal_templatebase.php:188
